[2025-12-11 08:59:34]    INFO django.utils.autoreload - Watching for file changes with StatReloader
[2025-12-11 09:01:08]    INFO django.utils.autoreload - E:\pythonspace\skerp_project\partnerorder\views.py changed, reloading.
[2025-12-11 09:01:08]    INFO django.utils.autoreload - Watching for file changes with StatReloader
[2025-12-11 09:13:52]    INFO django.utils.autoreload - E:\pythonspace\skerp_project\quality\views.py changed, reloading.
[2025-12-11 09:13:53]    INFO django.utils.autoreload - Watching for file changes with StatReloader
[2025-12-11 09:15:17]   ERROR django.request - Internal Server Error: /quality/incoming/
Traceback (most recent call last):
  File "E:\pythonspace\skerp_project\venv\Lib\site-packages\django\core\handlers\exception.py", line 55, in inner
    response = get_response(request)
               ^^^^^^^^^^^^^^^^^^^^^
  File "E:\pythonspace\skerp_project\venv\Lib\site-packages\django\core\handlers\base.py", line 197, in _get_response
    response = wrapped_callback(request, *callback_args, **callback_kwargs)
               ^^^^^^^^^^^^^^^^^^^^^^^^^^^^^^^^^^^^^^^^^^^^^^^^^^^^^^^^^^^^
  File "E:\pythonspace\skerp_project\quality\views.py", line 148, in incoming_list
    one_week_ago = today - timedelta(days=7)
                           ^^^^^^^^^
NameError: name 'timedelta' is not defined
[2025-12-11 09:17:16]    INFO django.utils.autoreload - E:\pythonspace\skerp_project\quality\views.py changed, reloading.
[2025-12-11 09:17:17]    INFO django.utils.autoreload - Watching for file changes with StatReloader
[2025-12-11 09:24:22]    INFO django.utils.autoreload - E:\pythonspace\skerp_project\quality\views.py changed, reloading.
[2025-12-11 09:24:23]    INFO django.utils.autoreload - Watching for file changes with StatReloader
[2025-12-11 09:34:54]    INFO django.utils.autoreload - E:\pythonspace\skerp_project\quality\views.py changed, reloading.
[2025-12-11 09:34:55]    INFO django.utils.autoreload - Watching for file changes with StatReloader
[2025-12-11 09:35:11]    INFO django.utils.autoreload - E:\pythonspace\skerp_project\quality\views.py changed, reloading.
[2025-12-11 09:35:12]    INFO django.utils.autoreload - Watching for file changes with StatReloader
[2025-12-11 09:46:15]   ERROR purchase.views.injection - 입고 저장 실패 (order_id=51, lot=IN20251211001) : 오류:  "shipment_group_id" 칼럼(해당 릴레이션 "purchase_injectionreceipt")의 null 값이 not null 제약조건을 위반했습니다.
DETAIL:  실패한 자료: (53, IN20251211001, 2025-12-11, 200, , 2025-12-11 09:46:15.751279+09, t, f, OR20251211-001, 2, 51, 5, f, null, null)
Traceback (most recent call last):
  File "E:\pythonspace\skerp_project\venv\Lib\site-packages\django\db\backends\utils.py", line 105, in _execute
    return self.cursor.execute(sql, params)
           ^^^^^^^^^^^^^^^^^^^^^^^^^^^^^^^^
psycopg2.errors.NotNullViolation: 오류:  "shipment_group_id" 칼럼(해당 릴레이션 "purchase_injectionreceipt")의 null 값이 not null 제약조건을 위반했습니다.
DETAIL:  실패한 자료: (53, IN20251211001, 2025-12-11, 200, , 2025-12-11 09:46:15.751279+09, t, f, OR20251211-001, 2, 51, 5, f, null, null)


The above exception was the direct cause of the following exception:

Traceback (most recent call last):
  File "E:\pythonspace\skerp_project\purchase\views\injection.py", line 657, in receipt_add
    InjectionReceipt.objects.create(
  File "E:\pythonspace\skerp_project\venv\Lib\site-packages\django\db\models\manager.py", line 87, in manager_method
    return getattr(self.get_queryset(), name)(*args, **kwargs)
           ^^^^^^^^^^^^^^^^^^^^^^^^^^^^^^^^^^^^^^^^^^^^^^^^^^^
  File "E:\pythonspace\skerp_project\venv\Lib\site-packages\django\db\models\query.py", line 663, in create
    obj.save(force_insert=True, using=self.db)
  File "E:\pythonspace\skerp_project\venv\Lib\site-packages\django\db\models\base.py", line 902, in save
    self.save_base(
  File "E:\pythonspace\skerp_project\venv\Lib\site-packages\django\db\models\base.py", line 1008, in save_base
    updated = self._save_table(
              ^^^^^^^^^^^^^^^^^
  File "E:\pythonspace\skerp_project\venv\Lib\site-packages\django\db\models\base.py", line 1169, in _save_table
    results = self._do_insert(
              ^^^^^^^^^^^^^^^^
  File "E:\pythonspace\skerp_project\venv\Lib\site-packages\django\db\models\base.py", line 1210, in _do_insert
    return manager._insert(
           ^^^^^^^^^^^^^^^^
  File "E:\pythonspace\skerp_project\venv\Lib\site-packages\django\db\models\manager.py", line 87, in manager_method
    return getattr(self.get_queryset(), name)(*args, **kwargs)
           ^^^^^^^^^^^^^^^^^^^^^^^^^^^^^^^^^^^^^^^^^^^^^^^^^^^
  File "E:\pythonspace\skerp_project\venv\Lib\site-packages\django\db\models\query.py", line 1854, in _insert
    return query.get_compiler(using=using).execute_sql(returning_fields)
           ^^^^^^^^^^^^^^^^^^^^^^^^^^^^^^^^^^^^^^^^^^^^^^^^^^^^^^^^^^^^^
  File "E:\pythonspace\skerp_project\venv\Lib\site-packages\django\db\models\sql\compiler.py", line 1881, in execute_sql
    cursor.execute(sql, params)
  File "E:\pythonspace\skerp_project\venv\Lib\site-packages\django\db\backends\utils.py", line 122, in execute
    return super().execute(sql, params)
           ^^^^^^^^^^^^^^^^^^^^^^^^^^^^
  File "E:\pythonspace\skerp_project\venv\Lib\site-packages\django\db\backends\utils.py", line 79, in execute
    return self._execute_with_wrappers(
           ^^^^^^^^^^^^^^^^^^^^^^^^^^^^
  File "E:\pythonspace\skerp_project\venv\Lib\site-packages\django\db\backends\utils.py", line 92, in _execute_with_wrappers
    return executor(sql, params, many, context)
           ^^^^^^^^^^^^^^^^^^^^^^^^^^^^^^^^^^^^
  File "E:\pythonspace\skerp_project\venv\Lib\site-packages\django\db\backends\utils.py", line 100, in _execute
    with self.db.wrap_database_errors:
  File "E:\pythonspace\skerp_project\venv\Lib\site-packages\django\db\utils.py", line 91, in __exit__
    raise dj_exc_value.with_traceback(traceback) from exc_value
  File "E:\pythonspace\skerp_project\venv\Lib\site-packages\django\db\backends\utils.py", line 105, in _execute
    return self.cursor.execute(sql, params)
           ^^^^^^^^^^^^^^^^^^^^^^^^^^^^^^^^
django.db.utils.IntegrityError: 오류:  "shipment_group_id" 칼럼(해당 릴레이션 "purchase_injectionreceipt")의 null 값이 not null 제약조건을 위반했습니다.
DETAIL:  실패한 자료: (53, IN20251211001, 2025-12-11, 200, , 2025-12-11 09:46:15.751279+09, t, f, OR20251211-001, 2, 51, 5, f, null, null)

[2025-12-11 09:52:12]   DEBUG production.orders.views - [라인 스킵] idx=0 hanger_count=0
[2025-12-11 09:52:12]   DEBUG production.orders.views - [라인 저장] idx=1 seq=1 wo_id=133 qty=100 start=2025-12-11 09:48:00 end=2025-12-11 09:57:00
[2025-12-11 09:52:12]   DEBUG production.orders.views - [라인 저장] idx=2 seq=2 wo_id=134 qty=0 start=2025-12-11 09:57:00 end=2025-12-11 10:10:00
[2025-12-11 09:52:12]   DEBUG production.orders.views - [라인 저장] idx=3 seq=3 wo_id=135 qty=100 start=2025-12-11 10:10:00 end=2025-12-11 10:19:00
[2025-12-11 09:52:12]    INFO production.orders.views - [작업지시 등록 성공] IDs=[133, 134, 135]
[2025-12-11 09:53:59]   DEBUG purchase.views.injection - [REQ] ctype=application/json len=76 body[:200]='{"dest_wh_id":9,"move_date":"2025-12-11","remark":"","sub_line_ids":[78,79]}'
[2025-12-11 09:53:59]   DEBUG purchase.views.injection - [REQ] ctype=application/json len=76 body[:200]='{"dest_wh_id":9,"move_date":"2025-12-11","remark":"","sub_line_ids":[80,81]}'
[2025-12-11 10:02:48]    INFO django.utils.autoreload - E:\pythonspace\skerp_project\production\exec\views.py changed, reloading.
[2025-12-11 10:02:49]    INFO django.utils.autoreload - Watching for file changes with StatReloader
[2025-12-11 10:15:51]    INFO quality.outgoing.views - === OUTGOING_SITE GET === workorder_id=133
[2025-12-11 10:15:51]    INFO quality.outgoing.views - inspection_id=38, status=DRAFT, inspect_qty=0, good_qty=0, defect_qty=0, loss_qty=0, adjust_qty=0
[2025-12-11 10:15:51]    INFO quality.outgoing.views - finished_payload=[]
[2025-12-11 10:20:42]    INFO quality.outgoing.views - === OUTGOING_SITE GET === workorder_id=133
[2025-12-11 10:20:42]    INFO quality.outgoing.views - inspection_id=38, status=DRAFT, inspect_qty=0, good_qty=0, defect_qty=0, loss_qty=0, adjust_qty=0
[2025-12-11 10:20:42]    INFO quality.outgoing.views - finished_payload=[]
[2025-12-11 10:44:39]    INFO quality.outgoing.views - === OUTGOING_SITE GET === workorder_id=133
[2025-12-11 10:44:39]    INFO quality.outgoing.views - inspection_id=38, status=DRAFT, inspect_qty=0, good_qty=0, defect_qty=0, loss_qty=0, adjust_qty=0
[2025-12-11 10:44:39]    INFO quality.outgoing.views - finished_payload=[]
[2025-12-11 10:45:15]    INFO quality.outgoing.views - === OUTGOING_SITE GET === workorder_id=133
[2025-12-11 10:45:15]    INFO quality.outgoing.views - inspection_id=38, status=DONE, inspect_qty=94, good_qty=88, defect_qty=9, loss_qty=0, adjust_qty=-3
[2025-12-11 10:45:15]    INFO quality.outgoing.views - finished_payload=[{'seq': 1, 'lot': 'C-20251211-01', 'qty': 25, 'box_size': 25, 'status': 'FULL'}, {'seq': 2, 'lot': 'C-20251211-02', 'qty': 25, 'box_size': 25, 'status': 'FULL'}, {'seq': 3, 'lot': 'C-20251211-03', 'qty': 25, 'box_size': 25, 'status': 'FULL'}, {'seq': 4, 'lot': 'C-20251211-04', 'qty': 13, 'box_size': 25, 'status': 'SHORT'}]
[2025-12-11 10:45:20]    INFO quality.outgoing.views - === OUTGOING_SITE GET === workorder_id=135
[2025-12-11 10:45:20]    INFO quality.outgoing.views - inspection_id=39, status=DRAFT, inspect_qty=0, good_qty=0, defect_qty=0, loss_qty=0, adjust_qty=0
[2025-12-11 10:45:20]    INFO quality.outgoing.views - finished_payload=[]
[2025-12-11 10:45:55]    INFO quality.outgoing.views - === OUTGOING_SITE GET === workorder_id=135
[2025-12-11 10:45:55]    INFO quality.outgoing.views - inspection_id=39, status=DONE, inspect_qty=96, good_qty=89, defect_qty=9, loss_qty=0, adjust_qty=-2
[2025-12-11 10:45:55]    INFO quality.outgoing.views - finished_payload=[{'seq': 1, 'lot': 'C-20251211-04', 'qty': 25, 'box_size': 25, 'status': 'FULL'}, {'seq': 2, 'lot': 'C-20251211-05', 'qty': 25, 'box_size': 25, 'status': 'FULL'}, {'seq': 3, 'lot': 'C-20251211-06', 'qty': 25, 'box_size': 25, 'status': 'FULL'}, {'seq': 4, 'lot': 'C-20251211-07', 'qty': 25, 'box_size': 25, 'status': 'FULL'}, {'seq': 5, 'lot': 'C-20251211-08', 'qty': 2, 'box_size': 25, 'status': 'SHORT'}]
[2025-12-11 11:02:37]    INFO django.utils.autoreload - E:\pythonspace\skerp_project\sales\shipment\views.py changed, reloading.
[2025-12-11 11:02:38]    INFO django.utils.autoreload - Watching for file changes with StatReloader
[2025-12-11 11:35:38] WARNING django.request - Not Found: /.well-known/appspecific/com.chrome.devtools.json
[2025-12-11 11:39:04]    INFO quality.outgoing.views - === OUTGOING_SITE GET === workorder_id=135
[2025-12-11 11:39:04]    INFO quality.outgoing.views - inspection_id=39, status=DONE, inspect_qty=96, good_qty=89, defect_qty=9, loss_qty=0, adjust_qty=-2
[2025-12-11 11:39:04]    INFO quality.outgoing.views - finished_payload=[{'seq': 1, 'lot': 'C-20251211-04', 'qty': 25, 'box_size': 25, 'status': 'FULL'}, {'seq': 2, 'lot': 'C-20251211-05', 'qty': 25, 'box_size': 25, 'status': 'FULL'}, {'seq': 3, 'lot': 'C-20251211-06', 'qty': 25, 'box_size': 25, 'status': 'FULL'}, {'seq': 4, 'lot': 'C-20251211-07', 'qty': 25, 'box_size': 25, 'status': 'FULL'}, {'seq': 5, 'lot': 'C-20251211-08', 'qty': 2, 'box_size': 25, 'status': 'SHORT'}]
[2025-12-11 11:39:08]    INFO quality.outgoing.views - === OUTGOING_SITE GET === workorder_id=133
[2025-12-11 11:39:08]    INFO quality.outgoing.views - inspection_id=38, status=DONE, inspect_qty=94, good_qty=88, defect_qty=9, loss_qty=0, adjust_qty=-3
[2025-12-11 11:39:08]    INFO quality.outgoing.views - finished_payload=[{'seq': 1, 'lot': 'C-20251211-01', 'qty': 25, 'box_size': 25, 'status': 'FULL'}, {'seq': 2, 'lot': 'C-20251211-02', 'qty': 25, 'box_size': 25, 'status': 'FULL'}, {'seq': 3, 'lot': 'C-20251211-03', 'qty': 25, 'box_size': 25, 'status': 'FULL'}, {'seq': 4, 'lot': 'C-20251211-04', 'qty': 13, 'box_size': 25, 'status': 'SHORT'}]
[2025-12-11 11:39:18]    INFO quality.outgoing.views - === OUTGOING_SITE GET === workorder_id=135
[2025-12-11 11:39:18]    INFO quality.outgoing.views - inspection_id=39, status=DONE, inspect_qty=96, good_qty=89, defect_qty=9, loss_qty=0, adjust_qty=-2
[2025-12-11 11:39:18]    INFO quality.outgoing.views - finished_payload=[{'seq': 1, 'lot': 'C-20251211-04', 'qty': 25, 'box_size': 25, 'status': 'FULL'}, {'seq': 2, 'lot': 'C-20251211-05', 'qty': 25, 'box_size': 25, 'status': 'FULL'}, {'seq': 3, 'lot': 'C-20251211-06', 'qty': 25, 'box_size': 25, 'status': 'FULL'}, {'seq': 4, 'lot': 'C-20251211-07', 'qty': 25, 'box_size': 25, 'status': 'FULL'}, {'seq': 5, 'lot': 'C-20251211-08', 'qty': 2, 'box_size': 25, 'status': 'SHORT'}]
[2025-12-11 11:39:24]    INFO quality.outgoing.views - === OUTGOING_SITE GET === workorder_id=135
[2025-12-11 11:39:24]    INFO quality.outgoing.views - inspection_id=39, status=DONE, inspect_qty=96, good_qty=89, defect_qty=9, loss_qty=0, adjust_qty=-2
[2025-12-11 11:39:24]    INFO quality.outgoing.views - finished_payload=[{'seq': 1, 'lot': 'C-20251211-04', 'qty': 25, 'box_size': 25, 'status': 'FULL'}, {'seq': 2, 'lot': 'C-20251211-05', 'qty': 25, 'box_size': 25, 'status': 'FULL'}, {'seq': 3, 'lot': 'C-20251211-06', 'qty': 25, 'box_size': 25, 'status': 'FULL'}, {'seq': 4, 'lot': 'C-20251211-07', 'qty': 25, 'box_size': 25, 'status': 'FULL'}, {'seq': 5, 'lot': 'C-20251211-08', 'qty': 2, 'box_size': 25, 'status': 'SHORT'}]
[2025-12-11 11:58:55] WARNING django.request - Not Found: /favicon.ico
[2025-12-11 11:59:06] WARNING django.request - Not Found: /robots.txt
[2025-12-11 12:47:08] WARNING django.request - Not Found: /robots.txt
[2025-12-11 13:29:41]    INFO django.utils.autoreload - E:\pythonspace\skerp_project\sales\urls.py changed, reloading.
[2025-12-11 13:29:42]    INFO django.utils.autoreload - Watching for file changes with StatReloader
[2025-12-11 13:29:57]    INFO django.utils.autoreload - E:\pythonspace\skerp_project\sales\shipment\views.py changed, reloading.
[2025-12-11 13:29:58]    INFO django.utils.autoreload - Watching for file changes with StatReloader
[2025-12-11 13:30:18]    INFO django.utils.autoreload - E:\pythonspace\skerp_project\sales\shipment\views.py changed, reloading.
[2025-12-11 13:30:19]    INFO django.utils.autoreload - Watching for file changes with StatReloader
[2025-12-11 13:30:35]    INFO django.utils.autoreload - E:\pythonspace\skerp_project\sales\shipment\views.py changed, reloading.
[2025-12-11 13:30:35]    INFO django.utils.autoreload - Watching for file changes with StatReloader
[2025-12-11 13:32:39]    INFO django.utils.autoreload - E:\pythonspace\skerp_project\sales\shipment\views.py changed, reloading.
[2025-12-11 13:32:39]    INFO django.utils.autoreload - Watching for file changes with StatReloader
[2025-12-11 13:38:29]    INFO django.utils.autoreload - E:\pythonspace\skerp_project\sales\shipment\views.py changed, reloading.
[2025-12-11 13:38:29]    INFO django.utils.autoreload - Watching for file changes with StatReloader
[2025-12-11 13:47:12]    INFO django.utils.autoreload - E:\pythonspace\skerp_project\sales\shipment\views.py changed, reloading.
[2025-12-11 13:47:13]    INFO django.utils.autoreload - Watching for file changes with StatReloader
[2025-12-11 13:47:41]    INFO django.utils.autoreload - E:\pythonspace\skerp_project\sales\shipment\views.py changed, reloading.
[2025-12-11 13:47:42]    INFO django.utils.autoreload - Watching for file changes with StatReloader
[2025-12-11 13:47:52]    INFO django.utils.autoreload - E:\pythonspace\skerp_project\sales\shipment\views.py changed, reloading.
[2025-12-11 13:47:52]    INFO django.utils.autoreload - Watching for file changes with StatReloader
[2025-12-11 13:50:08] WARNING django.request - Not Found: /.well-known/appspecific/com.chrome.devtools.json
[2025-12-11 13:52:30] WARNING django.request - Not Found: /.well-known/appspecific/com.chrome.devtools.json
[2025-12-11 14:07:02]    INFO django.utils.autoreload - E:\pythonspace\skerp_project\sales\shipment\views.py changed, reloading.
[2025-12-11 14:07:03]    INFO django.utils.autoreload - Watching for file changes with StatReloader
[2025-12-11 14:07:42]    INFO django.utils.autoreload - E:\pythonspace\skerp_project\sales\shipment\views.py changed, reloading.
[2025-12-11 14:07:42]    INFO django.utils.autoreload - Watching for file changes with StatReloader
[2025-12-11 14:07:43] WARNING django.request - Not Found: /.well-known/appspecific/com.chrome.devtools.json
[2025-12-11 14:10:55]    INFO django.utils.autoreload - E:\pythonspace\skerp_project\sales\models.py changed, reloading.
[2025-12-11 14:10:56]    INFO django.utils.autoreload - Watching for file changes with StatReloader
[2025-12-11 14:12:58] WARNING django.request - Not Found: /.well-known/appspecific/com.chrome.devtools.json
[2025-12-11 14:13:13] WARNING django.request - Not Found: /.well-known/appspecific/com.chrome.devtools.json
[2025-12-11 14:22:35]    INFO django.utils.autoreload - E:\pythonspace\skerp_project\sales\shipment\views.py changed, reloading.
[2025-12-11 14:22:36]    INFO django.utils.autoreload - Watching for file changes with StatReloader
[2025-12-11 14:22:38]   ERROR django.request - Internal Server Error: /sales/shipment/1/detail/
Traceback (most recent call last):
  File "E:\pythonspace\skerp_project\venv\Lib\site-packages\django\core\handlers\exception.py", line 55, in inner
    response = get_response(request)
               ^^^^^^^^^^^^^^^^^^^^^
  File "E:\pythonspace\skerp_project\venv\Lib\site-packages\django\core\handlers\base.py", line 197, in _get_response
    response = wrapped_callback(request, *callback_args, **callback_kwargs)
               ^^^^^^^^^^^^^^^^^^^^^^^^^^^^^^^^^^^^^^^^^^^^^^^^^^^^^^^^^^^^
  File "E:\pythonspace\skerp_project\sales\shipment\views.py", line 213, in shipment_detail
    shipment = get_object_or_404(SalesShipment, pk=pk)
               ^^^^^^^^^^^^^^^^^
NameError: name 'get_object_or_404' is not defined
[2025-12-11 14:22:38] WARNING django.request - Not Found: /.well-known/appspecific/com.chrome.devtools.json
[2025-12-11 14:22:44]   ERROR django.request - Internal Server Error: /sales/shipment/1/detail/
Traceback (most recent call last):
  File "E:\pythonspace\skerp_project\venv\Lib\site-packages\django\core\handlers\exception.py", line 55, in inner
    response = get_response(request)
               ^^^^^^^^^^^^^^^^^^^^^
  File "E:\pythonspace\skerp_project\venv\Lib\site-packages\django\core\handlers\base.py", line 197, in _get_response
    response = wrapped_callback(request, *callback_args, **callback_kwargs)
               ^^^^^^^^^^^^^^^^^^^^^^^^^^^^^^^^^^^^^^^^^^^^^^^^^^^^^^^^^^^^
  File "E:\pythonspace\skerp_project\sales\shipment\views.py", line 213, in shipment_detail
    shipment = get_object_or_404(SalesShipment, pk=pk)
               ^^^^^^^^^^^^^^^^^
NameError: name 'get_object_or_404' is not defined
[2025-12-11 14:22:44] WARNING django.request - Not Found: /.well-known/appspecific/com.chrome.devtools.json
[2025-12-11 14:23:39]    INFO django.utils.autoreload - E:\pythonspace\skerp_project\sales\shipment\views.py changed, reloading.
[2025-12-11 14:23:40]    INFO django.utils.autoreload - Watching for file changes with StatReloader
[2025-12-11 14:23:41] WARNING django.request - Not Found: /.well-known/appspecific/com.chrome.devtools.json
[2025-12-11 14:23:56] WARNING django.request - Not Found: /.well-known/appspecific/com.chrome.devtools.json
[2025-12-11 14:23:57] WARNING django.request - Not Found: /.well-known/appspecific/com.chrome.devtools.json
[2025-12-11 14:23:59] WARNING django.request - Not Found: /.well-known/appspecific/com.chrome.devtools.json
[2025-12-11 14:23:59] WARNING django.request - Not Found: /.well-known/appspecific/com.chrome.devtools.json
[2025-12-11 14:23:59] WARNING django.request - Not Found: /.well-known/appspecific/com.chrome.devtools.json
[2025-12-11 14:23:59] WARNING django.request - Not Found: /.well-known/appspecific/com.chrome.devtools.json
[2025-12-11 14:28:47]    INFO django.utils.autoreload - E:\pythonspace\skerp_project\sales\shipment\views.py changed, reloading.
[2025-12-11 14:28:48]    INFO django.utils.autoreload - Watching for file changes with StatReloader
[2025-12-11 14:29:18] WARNING django.request - Not Found: /.well-known/appspecific/com.chrome.devtools.json
[2025-12-11 14:32:32] WARNING django.request - Not Found: /.well-known/appspecific/com.chrome.devtools.json
[2025-12-11 14:32:33] WARNING django.request - Not Found: /.well-known/appspecific/com.chrome.devtools.json
[2025-12-11 14:32:33] WARNING django.request - Not Found: /.well-known/appspecific/com.chrome.devtools.json
[2025-12-11 14:35:10] WARNING django.request - Not Found: /.well-known/appspecific/com.chrome.devtools.json
[2025-12-11 14:35:12] WARNING django.request - Not Found: /.well-known/appspecific/com.chrome.devtools.json
[2025-12-11 14:35:14] WARNING django.request - Not Found: /.well-known/appspecific/com.chrome.devtools.json
[2025-12-11 14:35:21] WARNING django.request - Not Found: /.well-known/appspecific/com.chrome.devtools.json
[2025-12-11 14:35:21] WARNING django.request - Not Found: /.well-known/appspecific/com.chrome.devtools.json
[2025-12-11 14:35:23] WARNING django.request - Not Found: /.well-known/appspecific/com.chrome.devtools.json
[2025-12-11 14:35:23] WARNING django.request - Not Found: /.well-known/appspecific/com.chrome.devtools.json
[2025-12-11 14:35:24] WARNING django.request - Not Found: /.well-known/appspecific/com.chrome.devtools.json
[2025-12-11 14:35:24] WARNING django.request - Not Found: /.well-known/appspecific/com.chrome.devtools.json
[2025-12-11 14:35:25] WARNING django.request - Not Found: /.well-known/appspecific/com.chrome.devtools.json
[2025-12-11 14:35:25] WARNING django.request - Not Found: /.well-known/appspecific/com.chrome.devtools.json
[2025-12-11 14:35:27] WARNING django.request - Not Found: /.well-known/appspecific/com.chrome.devtools.json
[2025-12-11 14:35:28] WARNING django.request - Not Found: /.well-known/appspecific/com.chrome.devtools.json
[2025-12-11 14:35:29] WARNING django.request - Not Found: /.well-known/appspecific/com.chrome.devtools.json
[2025-12-11 14:35:30] WARNING django.request - Not Found: /.well-known/appspecific/com.chrome.devtools.json
[2025-12-11 14:35:30] WARNING django.request - Not Found: /.well-known/appspecific/com.chrome.devtools.json
[2025-12-11 14:35:30] WARNING django.request - Not Found: /.well-known/appspecific/com.chrome.devtools.json
[2025-12-11 14:35:30] WARNING django.request - Not Found: /.well-known/appspecific/com.chrome.devtools.json
[2025-12-11 14:35:30] WARNING django.request - Not Found: /.well-known/appspecific/com.chrome.devtools.json
[2025-12-11 14:35:30] WARNING django.request - Not Found: /.well-known/appspecific/com.chrome.devtools.json
[2025-12-11 14:35:31] WARNING django.request - Not Found: /.well-known/appspecific/com.chrome.devtools.json
[2025-12-11 14:35:31] WARNING django.request - Not Found: /.well-known/appspecific/com.chrome.devtools.json
[2025-12-11 14:35:31] WARNING django.request - Not Found: /.well-known/appspecific/com.chrome.devtools.json
[2025-12-11 14:35:31] WARNING django.request - Not Found: /.well-known/appspecific/com.chrome.devtools.json
[2025-12-11 14:35:31] WARNING django.request - Not Found: /.well-known/appspecific/com.chrome.devtools.json
[2025-12-11 14:35:31] WARNING django.request - Not Found: /.well-known/appspecific/com.chrome.devtools.json
[2025-12-11 14:35:42] WARNING django.request - Not Found: /.well-known/appspecific/com.chrome.devtools.json
[2025-12-11 14:40:50] WARNING django.request - Not Found: /.well-known/appspecific/com.chrome.devtools.json
[2025-12-11 14:41:55] WARNING django.request - Not Found: /.well-known/appspecific/com.chrome.devtools.json
[2025-12-11 14:42:36] WARNING django.request - Not Found: /.well-known/appspecific/com.chrome.devtools.json
[2025-12-11 14:43:48]    INFO django.utils.autoreload - E:\pythonspace\skerp_project\sales\urls.py changed, reloading.
[2025-12-11 14:43:49]    INFO django.utils.autoreload - Watching for file changes with StatReloader
[2025-12-11 14:44:27]    INFO django.utils.autoreload - E:\pythonspace\skerp_project\sales\shipment\views.py changed, reloading.
[2025-12-11 14:44:27]    INFO django.utils.autoreload - Watching for file changes with StatReloader
[2025-12-11 14:44:32] WARNING django.request - Not Found: /.well-known/appspecific/com.chrome.devtools.json
[2025-12-11 14:44:40] WARNING django.request - Not Found: /.well-known/appspecific/com.chrome.devtools.json
[2025-12-11 14:44:43] WARNING django.request - Not Found: /.well-known/appspecific/com.chrome.devtools.json
[2025-12-11 14:45:09] WARNING django.request - Not Found: /.well-known/appspecific/com.chrome.devtools.json
[2025-12-11 14:49:10] WARNING django.request - Not Found: /login
[2025-12-11 14:50:08]   ERROR django.request - Internal Server Error: /sales/shipment/1/detail/
Traceback (most recent call last):
  File "E:\pythonspace\skerp_project\venv\Lib\site-packages\django\template\base.py", line 510, in parse
    compile_func = self.tags[command]
                   ~~~~~~~~~^^^^^^^^^
KeyError: 'endfor'

During handling of the above exception, another exception occurred:

Traceback (most recent call last):
  File "E:\pythonspace\skerp_project\venv\Lib\site-packages\django\core\handlers\exception.py", line 55, in inner
    response = get_response(request)
               ^^^^^^^^^^^^^^^^^^^^^
  File "E:\pythonspace\skerp_project\venv\Lib\site-packages\django\core\handlers\base.py", line 197, in _get_response
    response = wrapped_callback(request, *callback_args, **callback_kwargs)
               ^^^^^^^^^^^^^^^^^^^^^^^^^^^^^^^^^^^^^^^^^^^^^^^^^^^^^^^^^^^^
  File "E:\pythonspace\skerp_project\sales\shipment\views.py", line 342, in shipment_detail
    return render(request, "shipment/shipment_detail.html", context)
           ^^^^^^^^^^^^^^^^^^^^^^^^^^^^^^^^^^^^^^^^^^^^^^^^^^^^^^^^^
  File "E:\pythonspace\skerp_project\venv\Lib\site-packages\django\shortcuts.py", line 25, in render
    content = loader.render_to_string(template_name, context, request, using=using)
              ^^^^^^^^^^^^^^^^^^^^^^^^^^^^^^^^^^^^^^^^^^^^^^^^^^^^^^^^^^^^^^^^^^^^^
  File "E:\pythonspace\skerp_project\venv\Lib\site-packages\django\template\loader.py", line 61, in render_to_string
    template = get_template(template_name, using=using)
               ^^^^^^^^^^^^^^^^^^^^^^^^^^^^^^^^^^^^^^^^
  File "E:\pythonspace\skerp_project\venv\Lib\site-packages\django\template\loader.py", line 15, in get_template
    return engine.get_template(template_name)
           ^^^^^^^^^^^^^^^^^^^^^^^^^^^^^^^^^^
  File "E:\pythonspace\skerp_project\venv\Lib\site-packages\django\template\backends\django.py", line 79, in get_template
    return Template(self.engine.get_template(template_name), self)
                    ^^^^^^^^^^^^^^^^^^^^^^^^^^^^^^^^^^^^^^^
  File "E:\pythonspace\skerp_project\venv\Lib\site-packages\django\template\engine.py", line 177, in get_template
    template, origin = self.find_template(template_name)
                       ^^^^^^^^^^^^^^^^^^^^^^^^^^^^^^^^^
  File "E:\pythonspace\skerp_project\venv\Lib\site-packages\django\template\engine.py", line 159, in find_template
    template = loader.get_template(name, skip=skip)
               ^^^^^^^^^^^^^^^^^^^^^^^^^^^^^^^^^^^^
  File "E:\pythonspace\skerp_project\venv\Lib\site-packages\django\template\loaders\cached.py", line 57, in get_template
    template = super().get_template(template_name, skip)
               ^^^^^^^^^^^^^^^^^^^^^^^^^^^^^^^^^^^^^^^^^
  File "E:\pythonspace\skerp_project\venv\Lib\site-packages\django\template\loaders\base.py", line 28, in get_template
    return Template(
           ^^^^^^^^^
  File "E:\pythonspace\skerp_project\venv\Lib\site-packages\django\template\base.py", line 154, in __init__
    self.nodelist = self.compile_nodelist()
                    ^^^^^^^^^^^^^^^^^^^^^^^
  File "E:\pythonspace\skerp_project\venv\Lib\site-packages\django\template\base.py", line 196, in compile_nodelist
    nodelist = parser.parse()
               ^^^^^^^^^^^^^^
  File "E:\pythonspace\skerp_project\venv\Lib\site-packages\django\template\base.py", line 518, in parse
    raise self.error(token, e)
  File "E:\pythonspace\skerp_project\venv\Lib\site-packages\django\template\base.py", line 516, in parse
    compiled_result = compile_func(self, token)
                      ^^^^^^^^^^^^^^^^^^^^^^^^^
  File "E:\pythonspace\skerp_project\venv\Lib\site-packages\django\template\loader_tags.py", line 299, in do_extends
    nodelist = parser.parse()
               ^^^^^^^^^^^^^^
  File "E:\pythonspace\skerp_project\venv\Lib\site-packages\django\template\base.py", line 518, in parse
    raise self.error(token, e)
  File "E:\pythonspace\skerp_project\venv\Lib\site-packages\django\template\base.py", line 516, in parse
    compiled_result = compile_func(self, token)
                      ^^^^^^^^^^^^^^^^^^^^^^^^^
  File "E:\pythonspace\skerp_project\venv\Lib\site-packages\django\template\loader_tags.py", line 234, in do_block
    nodelist = parser.parse(("endblock",))
               ^^^^^^^^^^^^^^^^^^^^^^^^^^^
  File "E:\pythonspace\skerp_project\venv\Lib\site-packages\django\template\base.py", line 512, in parse
    self.invalid_block_tag(token, command, parse_until)
  File "E:\pythonspace\skerp_project\venv\Lib\site-packages\django\template\base.py", line 567, in invalid_block_tag
    raise self.error(
django.template.exceptions.TemplateSyntaxError: Invalid block tag on line 134: 'endfor', expected 'endblock'. Did you forget to register or load this tag?
[2025-12-11 14:50:08] WARNING django.request - Not Found: /.well-known/appspecific/com.chrome.devtools.json
[2025-12-11 14:50:29] WARNING django.request - Not Found: /.well-known/appspecific/com.chrome.devtools.json
[2025-12-11 14:54:46]   ERROR django.request - Internal Server Error: /sales/shipment/1/detail/
Traceback (most recent call last):
  File "E:\pythonspace\skerp_project\venv\Lib\site-packages\django\core\handlers\exception.py", line 55, in inner
    response = get_response(request)
               ^^^^^^^^^^^^^^^^^^^^^
  File "E:\pythonspace\skerp_project\venv\Lib\site-packages\django\core\handlers\base.py", line 197, in _get_response
    response = wrapped_callback(request, *callback_args, **callback_kwargs)
               ^^^^^^^^^^^^^^^^^^^^^^^^^^^^^^^^^^^^^^^^^^^^^^^^^^^^^^^^^^^^
  File "E:\pythonspace\skerp_project\sales\shipment\views.py", line 342, in shipment_detail
    return render(request, "shipment/shipment_detail.html", context)
           ^^^^^^^^^^^^^^^^^^^^^^^^^^^^^^^^^^^^^^^^^^^^^^^^^^^^^^^^^
  File "E:\pythonspace\skerp_project\venv\Lib\site-packages\django\shortcuts.py", line 25, in render
    content = loader.render_to_string(template_name, context, request, using=using)
              ^^^^^^^^^^^^^^^^^^^^^^^^^^^^^^^^^^^^^^^^^^^^^^^^^^^^^^^^^^^^^^^^^^^^^
  File "E:\pythonspace\skerp_project\venv\Lib\site-packages\django\template\loader.py", line 62, in render_to_string
    return template.render(context, request)
           ^^^^^^^^^^^^^^^^^^^^^^^^^^^^^^^^^
  File "E:\pythonspace\skerp_project\venv\Lib\site-packages\django\template\backends\django.py", line 107, in render
    return self.template.render(context)
           ^^^^^^^^^^^^^^^^^^^^^^^^^^^^^
  File "E:\pythonspace\skerp_project\venv\Lib\site-packages\django\template\base.py", line 171, in render
    return self._render(context)
           ^^^^^^^^^^^^^^^^^^^^^
  File "E:\pythonspace\skerp_project\venv\Lib\site-packages\django\template\base.py", line 163, in _render
    return self.nodelist.render(context)
           ^^^^^^^^^^^^^^^^^^^^^^^^^^^^^
  File "E:\pythonspace\skerp_project\venv\Lib\site-packages\django\template\base.py", line 1016, in render
    return SafeString("".join([node.render_annotated(context) for node in self]))
                              ^^^^^^^^^^^^^^^^^^^^^^^^^^^^^^^^^^^^^^^^^^^^^^^^^
  File "E:\pythonspace\skerp_project\venv\Lib\site-packages\django\template\base.py", line 1016, in <listcomp>
    return SafeString("".join([node.render_annotated(context) for node in self]))
                               ^^^^^^^^^^^^^^^^^^^^^^^^^^^^^^
  File "E:\pythonspace\skerp_project\venv\Lib\site-packages\django\template\base.py", line 977, in render_annotated
    return self.render(context)
           ^^^^^^^^^^^^^^^^^^^^
  File "E:\pythonspace\skerp_project\venv\Lib\site-packages\django\template\loader_tags.py", line 159, in render
    return compiled_parent._render(context)
           ^^^^^^^^^^^^^^^^^^^^^^^^^^^^^^^^
  File "E:\pythonspace\skerp_project\venv\Lib\site-packages\django\template\base.py", line 163, in _render
    return self.nodelist.render(context)
           ^^^^^^^^^^^^^^^^^^^^^^^^^^^^^
  File "E:\pythonspace\skerp_project\venv\Lib\site-packages\django\template\base.py", line 1016, in render
    return SafeString("".join([node.render_annotated(context) for node in self]))
                              ^^^^^^^^^^^^^^^^^^^^^^^^^^^^^^^^^^^^^^^^^^^^^^^^^
  File "E:\pythonspace\skerp_project\venv\Lib\site-packages\django\template\base.py", line 1016, in <listcomp>
    return SafeString("".join([node.render_annotated(context) for node in self]))
                               ^^^^^^^^^^^^^^^^^^^^^^^^^^^^^^
  File "E:\pythonspace\skerp_project\venv\Lib\site-packages\django\template\base.py", line 977, in render_annotated
    return self.render(context)
           ^^^^^^^^^^^^^^^^^^^^
  File "E:\pythonspace\skerp_project\venv\Lib\site-packages\django\template\loader_tags.py", line 65, in render
    result = block.nodelist.render(context)
             ^^^^^^^^^^^^^^^^^^^^^^^^^^^^^^
  File "E:\pythonspace\skerp_project\venv\Lib\site-packages\django\template\base.py", line 1016, in render
    return SafeString("".join([node.render_annotated(context) for node in self]))
                              ^^^^^^^^^^^^^^^^^^^^^^^^^^^^^^^^^^^^^^^^^^^^^^^^^
  File "E:\pythonspace\skerp_project\venv\Lib\site-packages\django\template\base.py", line 1016, in <listcomp>
    return SafeString("".join([node.render_annotated(context) for node in self]))
                               ^^^^^^^^^^^^^^^^^^^^^^^^^^^^^^
  File "E:\pythonspace\skerp_project\venv\Lib\site-packages\django\template\base.py", line 977, in render_annotated
    return self.render(context)
           ^^^^^^^^^^^^^^^^^^^^
  File "E:\pythonspace\skerp_project\venv\Lib\site-packages\django\template\defaulttags.py", line 480, in render
    url = reverse(view_name, args=args, kwargs=kwargs, current_app=current_app)
          ^^^^^^^^^^^^^^^^^^^^^^^^^^^^^^^^^^^^^^^^^^^^^^^^^^^^^^^^^^^^^^^^^^^^^
  File "E:\pythonspace\skerp_project\venv\Lib\site-packages\django\urls\base.py", line 98, in reverse
    resolved_url = resolver._reverse_with_prefix(view, prefix, *args, **kwargs)
                   ^^^^^^^^^^^^^^^^^^^^^^^^^^^^^^^^^^^^^^^^^^^^^^^^^^^^^^^^^^^^
  File "E:\pythonspace\skerp_project\venv\Lib\site-packages\django\urls\resolvers.py", line 831, in _reverse_with_prefix
    raise NoReverseMatch(msg)
django.urls.exceptions.NoReverseMatch: Reverse for 'shipment_box_search' not found. 'shipment_box_search' is not a valid view function or pattern name.
[2025-12-11 14:54:46] WARNING django.request - Not Found: /.well-known/appspecific/com.chrome.devtools.json
[2025-12-11 14:57:04]    INFO django.utils.autoreload - E:\pythonspace\skerp_project\sales\urls.py changed, reloading.
[2025-12-11 14:57:05]    INFO django.utils.autoreload - Watching for file changes with StatReloader
[2025-12-11 14:57:39]    INFO django.utils.autoreload - Watching for file changes with StatReloader
[2025-12-11 14:58:13]    INFO django.utils.autoreload - E:\pythonspace\skerp_project\sales\shipment\views.py changed, reloading.
[2025-12-11 14:58:14]    INFO django.utils.autoreload - Watching for file changes with StatReloader
[2025-12-11 14:58:16] WARNING django.request - Not Found: /.well-known/appspecific/com.chrome.devtools.json
[2025-12-11 14:58:16] WARNING django.request - Not Found: /.well-known/appspecific/com.chrome.devtools.json
[2025-12-11 14:58:18] WARNING django.request - Not Found: /.well-known/appspecific/com.chrome.devtools.json
[2025-12-11 14:58:18] WARNING django.request - Not Found: /.well-known/appspecific/com.chrome.devtools.json
[2025-12-11 14:58:18] WARNING django.request - Not Found: /.well-known/appspecific/com.chrome.devtools.json
[2025-12-11 14:58:19] WARNING django.request - Not Found: /.well-known/appspecific/com.chrome.devtools.json
[2025-12-11 14:58:20] WARNING django.request - Not Found: /.well-known/appspecific/com.chrome.devtools.json
[2025-12-11 14:58:21] WARNING django.request - Not Found: /.well-known/appspecific/com.chrome.devtools.json
[2025-12-11 14:58:22] WARNING django.request - Not Found: /.well-known/appspecific/com.chrome.devtools.json
[2025-12-11 14:58:23] WARNING django.request - Not Found: /.well-known/appspecific/com.chrome.devtools.json
[2025-12-11 14:58:23] WARNING django.request - Not Found: /.well-known/appspecific/com.chrome.devtools.json
[2025-12-11 14:58:23] WARNING django.request - Not Found: /.well-known/appspecific/com.chrome.devtools.json
[2025-12-11 14:58:23] WARNING django.request - Not Found: /.well-known/appspecific/com.chrome.devtools.json
[2025-12-11 14:58:24] WARNING django.request - Not Found: /.well-known/appspecific/com.chrome.devtools.json
[2025-12-11 14:58:24] WARNING django.request - Not Found: /.well-known/appspecific/com.chrome.devtools.json
[2025-12-11 14:58:24] WARNING django.request - Not Found: /.well-known/appspecific/com.chrome.devtools.json
[2025-12-11 14:58:24] WARNING django.request - Not Found: /.well-known/appspecific/com.chrome.devtools.json
[2025-12-11 14:58:24] WARNING django.request - Not Found: /.well-known/appspecific/com.chrome.devtools.json
[2025-12-11 14:58:24] WARNING django.request - Not Found: /.well-known/appspecific/com.chrome.devtools.json
[2025-12-11 14:58:24] WARNING django.request - Not Found: /.well-known/appspecific/com.chrome.devtools.json
[2025-12-11 14:58:24] WARNING django.request - Not Found: /.well-known/appspecific/com.chrome.devtools.json
[2025-12-11 14:58:25] WARNING django.request - Not Found: /.well-known/appspecific/com.chrome.devtools.json
[2025-12-11 14:58:28] WARNING django.request - Not Found: /.well-known/appspecific/com.chrome.devtools.json
[2025-12-11 15:00:32] WARNING django.request - Not Found: /.well-known/appspecific/com.chrome.devtools.json
[2025-12-11 15:00:41] WARNING django.request - Not Found: /.well-known/appspecific/com.chrome.devtools.json
[2025-12-11 15:05:35] WARNING django.request - Not Found: /.well-known/appspecific/com.chrome.devtools.json
[2025-12-11 15:05:47] WARNING django.request - Not Found: /.well-known/appspecific/com.chrome.devtools.json
[2025-12-11 15:06:43]    INFO django.utils.autoreload - E:\pythonspace\skerp_project\sales\shipment\views.py changed, reloading.
[2025-12-11 15:06:44]    INFO django.utils.autoreload - Watching for file changes with StatReloader
[2025-12-11 15:07:25]    INFO django.utils.autoreload - Watching for file changes with StatReloader
[2025-12-11 15:08:12]    INFO django.utils.autoreload - E:\pythonspace\skerp_project\sales\shipment\views.py changed, reloading.
[2025-12-11 15:08:13]    INFO django.utils.autoreload - Watching for file changes with StatReloader
[2025-12-11 15:10:45]    INFO django.utils.autoreload - E:\pythonspace\skerp_project\sales\shipment\views.py changed, reloading.
[2025-12-11 15:10:46]    INFO django.utils.autoreload - Watching for file changes with StatReloader
[2025-12-11 15:12:04]   ERROR django.request - Internal Server Error: /sales/shipment/1/update/
Traceback (most recent call last):
  File "E:\pythonspace\skerp_project\sales\shipment\views.py", line 448, in shipment_update
    data = json.loads(request.body.decode("utf-8"))
           ^^^^
NameError: name 'json' is not defined

During handling of the above exception, another exception occurred:

Traceback (most recent call last):
  File "E:\pythonspace\skerp_project\venv\Lib\site-packages\django\core\handlers\exception.py", line 55, in inner
    response = get_response(request)
               ^^^^^^^^^^^^^^^^^^^^^
  File "E:\pythonspace\skerp_project\venv\Lib\site-packages\django\core\handlers\base.py", line 197, in _get_response
    response = wrapped_callback(request, *callback_args, **callback_kwargs)
               ^^^^^^^^^^^^^^^^^^^^^^^^^^^^^^^^^^^^^^^^^^^^^^^^^^^^^^^^^^^^
  File "E:\pythonspace\skerp_project\venv\Lib\site-packages\django\views\decorators\http.py", line 64, in inner
    return func(request, *args, **kwargs)
           ^^^^^^^^^^^^^^^^^^^^^^^^^^^^^^
  File "E:\pythonspace\skerp_project\sales\shipment\views.py", line 449, in shipment_update
    except json.JSONDecodeError:
           ^^^^
NameError: name 'json' is not defined
[2025-12-11 15:12:54] WARNING django.request - Not Found: /.well-known/appspecific/com.chrome.devtools.json
[2025-12-11 15:13:11]   ERROR django.request - Internal Server Error: /sales/shipment/1/update/
Traceback (most recent call last):
  File "E:\pythonspace\skerp_project\sales\shipment\views.py", line 448, in shipment_update
    data = json.loads(request.body.decode("utf-8"))
           ^^^^
NameError: name 'json' is not defined

During handling of the above exception, another exception occurred:

Traceback (most recent call last):
  File "E:\pythonspace\skerp_project\venv\Lib\site-packages\django\core\handlers\exception.py", line 55, in inner
    response = get_response(request)
               ^^^^^^^^^^^^^^^^^^^^^
  File "E:\pythonspace\skerp_project\venv\Lib\site-packages\django\core\handlers\base.py", line 197, in _get_response
    response = wrapped_callback(request, *callback_args, **callback_kwargs)
               ^^^^^^^^^^^^^^^^^^^^^^^^^^^^^^^^^^^^^^^^^^^^^^^^^^^^^^^^^^^^
  File "E:\pythonspace\skerp_project\venv\Lib\site-packages\django\views\decorators\http.py", line 64, in inner
    return func(request, *args, **kwargs)
           ^^^^^^^^^^^^^^^^^^^^^^^^^^^^^^
  File "E:\pythonspace\skerp_project\sales\shipment\views.py", line 449, in shipment_update
    except json.JSONDecodeError:
           ^^^^
NameError: name 'json' is not defined
[2025-12-11 15:13:41]    INFO django.utils.autoreload - E:\pythonspace\skerp_project\sales\shipment\views.py changed, reloading.
[2025-12-11 15:13:42]    INFO django.utils.autoreload - Watching for file changes with StatReloader
[2025-12-11 15:13:44] WARNING django.request - Not Found: /.well-known/appspecific/com.chrome.devtools.json
[2025-12-11 15:13:49]   ERROR django.request - Internal Server Error: /sales/shipment/1/update/
Traceback (most recent call last):
  File "E:\pythonspace\skerp_project\venv\Lib\site-packages\django\core\handlers\exception.py", line 55, in inner
    response = get_response(request)
               ^^^^^^^^^^^^^^^^^^^^^
  File "E:\pythonspace\skerp_project\venv\Lib\site-packages\django\core\handlers\base.py", line 197, in _get_response
    response = wrapped_callback(request, *callback_args, **callback_kwargs)
               ^^^^^^^^^^^^^^^^^^^^^^^^^^^^^^^^^^^^^^^^^^^^^^^^^^^^^^^^^^^^
  File "E:\pythonspace\skerp_project\venv\Lib\site-packages\django\views\decorators\http.py", line 64, in inner
    return func(request, *args, **kwargs)
           ^^^^^^^^^^^^^^^^^^^^^^^^^^^^^^
  File "E:\pythonspace\skerp_project\sales\shipment\views.py", line 529, in shipment_update
    .aggregate(sum_qty=models.Sum("quantity"))["sum_qty"] or 0
                       ^^^^^^
NameError: name 'models' is not defined
[2025-12-11 15:13:56] WARNING django.request - Not Found: /.well-known/appspecific/com.chrome.devtools.json
[2025-12-11 15:14:00]   ERROR django.request - Internal Server Error: /sales/shipment/1/update/
Traceback (most recent call last):
  File "E:\pythonspace\skerp_project\venv\Lib\site-packages\django\core\handlers\exception.py", line 55, in inner
    response = get_response(request)
               ^^^^^^^^^^^^^^^^^^^^^
  File "E:\pythonspace\skerp_project\venv\Lib\site-packages\django\core\handlers\base.py", line 197, in _get_response
    response = wrapped_callback(request, *callback_args, **callback_kwargs)
               ^^^^^^^^^^^^^^^^^^^^^^^^^^^^^^^^^^^^^^^^^^^^^^^^^^^^^^^^^^^^
  File "E:\pythonspace\skerp_project\venv\Lib\site-packages\django\views\decorators\http.py", line 64, in inner
    return func(request, *args, **kwargs)
           ^^^^^^^^^^^^^^^^^^^^^^^^^^^^^^
  File "E:\pythonspace\skerp_project\sales\shipment\views.py", line 529, in shipment_update
    .aggregate(sum_qty=models.Sum("quantity"))["sum_qty"] or 0
                       ^^^^^^
NameError: name 'models' is not defined
[2025-12-11 15:19:09]    INFO django.utils.autoreload - E:\pythonspace\skerp_project\sales\shipment\views.py changed, reloading.
[2025-12-11 15:19:10]    INFO django.utils.autoreload - Watching for file changes with StatReloader
[2025-12-11 15:19:19]    INFO django.utils.autoreload - Watching for file changes with StatReloader
[2025-12-11 15:19:24] WARNING django.request - Not Found: /.well-known/appspecific/com.chrome.devtools.json
[2025-12-11 15:19:27] WARNING django.request - Not Found: /.well-known/appspecific/com.chrome.devtools.json
[2025-12-11 15:19:36] WARNING django.request - Not Found: /.well-known/appspecific/com.chrome.devtools.json
[2025-12-11 15:19:53] WARNING django.request - Not Found: /.well-known/appspecific/com.chrome.devtools.json
[2025-12-11 15:23:00] WARNING django.request - Not Found: /.well-known/appspecific/com.chrome.devtools.json
[2025-12-11 15:24:40]    INFO django.utils.autoreload - E:\pythonspace\skerp_project\sales\urls.py changed, reloading.
[2025-12-11 15:24:41]    INFO django.utils.autoreload - Watching for file changes with StatReloader
[2025-12-11 15:24:50]    INFO django.utils.autoreload - E:\pythonspace\skerp_project\sales\urls.py changed, reloading.
[2025-12-11 15:24:51]    INFO django.utils.autoreload - Watching for file changes with StatReloader
[2025-12-11 15:25:04]    INFO django.utils.autoreload - E:\pythonspace\skerp_project\sales\urls.py changed, reloading.
[2025-12-11 15:25:05]    INFO django.utils.autoreload - Watching for file changes with StatReloader
[2025-12-11 15:25:11]    INFO django.utils.autoreload - E:\pythonspace\skerp_project\sales\urls.py changed, reloading.
[2025-12-11 15:25:12]    INFO django.utils.autoreload - Watching for file changes with StatReloader
[2025-12-11 15:25:23]    INFO django.utils.autoreload - E:\pythonspace\skerp_project\sales\urls.py changed, reloading.
[2025-12-11 15:25:24]    INFO django.utils.autoreload - Watching for file changes with StatReloader
[2025-12-11 15:26:48]    INFO django.utils.autoreload - E:\pythonspace\skerp_project\sales\shipment\views.py changed, reloading.
[2025-12-11 15:26:49]    INFO django.utils.autoreload - Watching for file changes with StatReloader
[2025-12-11 15:27:03] WARNING django.request - Not Found: /.well-known/appspecific/com.chrome.devtools.json
[2025-12-11 15:27:15] WARNING django.request - Not Found: /.well-known/appspecific/com.chrome.devtools.json
[2025-12-11 15:27:17] WARNING django.request - Not Found: /.well-known/appspecific/com.chrome.devtools.json
[2025-12-11 15:27:19] WARNING django.request - Not Found: /.well-known/appspecific/com.chrome.devtools.json
[2025-12-11 15:27:21] WARNING django.request - Not Found: /.well-known/appspecific/com.chrome.devtools.json
[2025-12-11 15:27:57] WARNING django.request - Not Found: /.well-known/appspecific/com.chrome.devtools.json
[2025-12-11 15:30:22] WARNING django.request - Not Found: /.well-known/appspecific/com.chrome.devtools.json
[2025-12-11 15:30:29] WARNING django.request - Not Found: /.well-known/appspecific/com.chrome.devtools.json
[2025-12-11 15:30:49] WARNING django.request - Not Found: /.well-known/appspecific/com.chrome.devtools.json
[2025-12-11 15:30:51] WARNING django.request - Not Found: /.well-known/appspecific/com.chrome.devtools.json
[2025-12-11 15:30:54] WARNING django.request - Not Found: /.well-known/appspecific/com.chrome.devtools.json
[2025-12-11 15:34:30] WARNING django.request - Not Found: /.well-known/appspecific/com.chrome.devtools.json
[2025-12-11 15:35:38] WARNING django.request - Not Found: /.well-known/appspecific/com.chrome.devtools.json
[2025-12-11 15:36:31] WARNING django.request - Not Found: /.well-known/appspecific/com.chrome.devtools.json
[2025-12-11 15:36:33] WARNING django.request - Not Found: /.well-known/appspecific/com.chrome.devtools.json
[2025-12-11 15:37:05] WARNING django.request - Not Found: /.well-known/appspecific/com.chrome.devtools.json
[2025-12-11 15:49:30]    INFO django.utils.autoreload - E:\pythonspace\skerp_project\skerp\settings.py changed, reloading.
[2025-12-11 15:49:30]    INFO django.utils.autoreload - Watching for file changes with StatReloader
[2025-12-11 15:49:42]    INFO django.utils.autoreload - E:\pythonspace\skerp_project\skerp\settings.py changed, reloading.
[2025-12-11 15:49:43]    INFO django.utils.autoreload - Watching for file changes with StatReloader
[2025-12-11 15:57:14]    INFO django.utils.autoreload - E:\pythonspace\skerp_project\skerp\urls.py changed, reloading.
[2025-12-11 15:57:15]    INFO django.utils.autoreload - Watching for file changes with StatReloader
[2025-12-11 15:59:03]    INFO django.utils.autoreload - E:\pythonspace\skerp_project\mis\urls.py changed, reloading.
[2025-12-11 15:59:04]    INFO django.utils.autoreload - Watching for file changes with StatReloader
[2025-12-11 15:59:39]    INFO django.utils.autoreload - E:\pythonspace\skerp_project\mis\shipment\views.py changed, reloading.
[2025-12-11 15:59:39]    INFO django.utils.autoreload - Watching for file changes with StatReloader
[2025-12-11 16:00:45] WARNING django.request - Not Found: /.well-known/appspecific/com.chrome.devtools.json
[2025-12-11 16:00:47] WARNING django.request - Not Found: /.well-known/appspecific/com.chrome.devtools.json
[2025-12-11 16:06:32] WARNING django.request - Not Found: /.well-known/appspecific/com.chrome.devtools.json
[2025-12-11 16:06:38] WARNING django.request - Not Found: /.well-known/appspecific/com.chrome.devtools.json
[2025-12-11 16:14:38]    INFO django.utils.autoreload - E:\pythonspace\skerp_project\mis\trace\views.py changed, reloading.
[2025-12-11 16:14:39]    INFO django.utils.autoreload - Watching for file changes with StatReloader
[2025-12-11 16:14:58]    INFO django.utils.autoreload - E:\pythonspace\skerp_project\mis\urls.py changed, reloading.
[2025-12-11 16:14:59]    INFO django.utils.autoreload - Watching for file changes with StatReloader
[2025-12-11 16:16:59] WARNING django.request - Not Found: /.well-known/appspecific/com.chrome.devtools.json
[2025-12-11 16:17:00] WARNING django.request - Not Found: /mgmt/shipment/summary/
[2025-12-11 16:17:00] WARNING django.request - Not Found: /.well-known/appspecific/com.chrome.devtools.json
[2025-12-11 16:17:08] WARNING django.request - Not Found: /.well-known/appspecific/com.chrome.devtools.json
[2025-12-11 16:17:08] WARNING django.request - Not Found: /.well-known/appspecific/com.chrome.devtools.json
[2025-12-11 16:17:10] WARNING django.request - Not Found: /mgmt/shipment/summary/
[2025-12-11 16:17:10] WARNING django.request - Not Found: /.well-known/appspecific/com.chrome.devtools.json
[2025-12-11 16:17:13] WARNING django.request - Not Found: /.well-known/appspecific/com.chrome.devtools.json
[2025-12-11 16:17:13] WARNING django.request - Not Found: /.well-known/appspecific/com.chrome.devtools.json
[2025-12-11 16:17:16] WARNING django.request - Not Found: /.well-known/appspecific/com.chrome.devtools.json
[2025-12-11 16:17:19] WARNING django.request - Not Found: /.well-known/appspecific/com.chrome.devtools.json
[2025-12-11 16:17:20] WARNING django.request - Not Found: /.well-known/appspecific/com.chrome.devtools.json
[2025-12-11 16:17:56] WARNING django.request - Bad Request: /mis/trace/api/
[2025-12-11 16:17:58] WARNING django.request - Bad Request: /mis/trace/api/
[2025-12-11 16:18:37] WARNING django.request - Not Found: /.well-known/appspecific/com.chrome.devtools.json
[2025-12-11 16:18:37] WARNING django.request - Not Found: /.well-known/appspecific/com.chrome.devtools.json
[2025-12-11 16:18:38] WARNING django.request - Not Found: /.well-known/appspecific/com.chrome.devtools.json
[2025-12-11 16:18:38] WARNING django.request - Not Found: /.well-known/appspecific/com.chrome.devtools.json
[2025-12-11 16:18:41] WARNING django.request - Not Found: /.well-known/appspecific/com.chrome.devtools.json
[2025-12-11 16:18:41] WARNING django.request - Not Found: /.well-known/appspecific/com.chrome.devtools.json
[2025-12-11 16:19:30] WARNING django.request - Not Found: /.well-known/appspecific/com.chrome.devtools.json
[2025-12-11 16:19:58] WARNING django.request - Not Found: /.well-known/appspecific/com.chrome.devtools.json
[2025-12-11 16:23:05] WARNING django.request - Not Found: /.well-known/appspecific/com.chrome.devtools.json
[2025-12-11 16:26:58]    INFO django.utils.autoreload - E:\pythonspace\skerp_project\mis\trace\views.py changed, reloading.
[2025-12-11 16:26:59]    INFO django.utils.autoreload - Watching for file changes with StatReloader
[2025-12-11 16:27:28]    INFO django.utils.autoreload - E:\pythonspace\skerp_project\mis\urls.py changed, reloading.
[2025-12-11 16:27:29]    INFO django.utils.autoreload - Watching for file changes with StatReloader
[2025-12-11 16:28:00] WARNING django.request - Not Found: /.well-known/appspecific/com.chrome.devtools.json
[2025-12-11 16:28:14] WARNING django.request - Not Found: /.well-known/appspecific/com.chrome.devtools.json
[2025-12-11 16:30:09] WARNING django.request - Not Found: /.well-known/appspecific/com.chrome.devtools.json
[2025-12-11 16:30:19] WARNING django.request - Bad Request: /mis/trace/api/
[2025-12-11 16:30:21] WARNING django.request - Not Found: /.well-known/appspecific/com.chrome.devtools.json
[2025-12-11 16:30:23] WARNING django.request - Bad Request: /mis/trace/api/
[2025-12-11 16:30:53] WARNING django.request - Not Found: /.well-known/appspecific/com.chrome.devtools.json
[2025-12-11 16:31:06] WARNING django.request - Not Found: /.well-known/appspecific/com.chrome.devtools.json
[2025-12-11 16:32:17] WARNING django.request - Not Found: /.well-known/appspecific/com.chrome.devtools.json
[2025-12-11 16:32:40] WARNING django.request - Not Found: /.well-known/appspecific/com.chrome.devtools.json
[2025-12-11 16:32:42] WARNING django.request - Not Found: /.well-known/appspecific/com.chrome.devtools.json
[2025-12-11 16:33:40] WARNING django.request - Not Found: /.well-known/appspecific/com.chrome.devtools.json
[2025-12-11 16:34:32] WARNING django.request - Not Found: /.well-known/appspecific/com.chrome.devtools.json
[2025-12-11 16:36:00] WARNING django.request - Not Found: /.well-known/appspecific/com.chrome.devtools.json
[2025-12-11 16:36:01] WARNING django.request - Not Found: /.well-known/appspecific/com.chrome.devtools.json
[2025-12-11 16:39:23] WARNING django.request - Not Found: /.well-known/appspecific/com.chrome.devtools.json
[2025-12-11 16:39:24] WARNING django.request - Not Found: /.well-known/appspecific/com.chrome.devtools.json
[2025-12-11 16:39:34] WARNING django.request - Not Found: /.well-known/appspecific/com.chrome.devtools.json
[2025-12-11 16:40:42] WARNING django.request - Not Found: /.well-known/appspecific/com.chrome.devtools.json
[2025-12-11 16:40:51] WARNING django.request - Not Found: /.well-known/appspecific/com.chrome.devtools.json
[2025-12-11 16:50:45]    INFO django.utils.autoreload - E:\pythonspace\skerp_project\mis\trace\views.py changed, reloading.
[2025-12-11 16:50:46]    INFO django.utils.autoreload - Watching for file changes with StatReloader
[2025-12-11 16:51:38]    INFO django.utils.autoreload - E:\pythonspace\skerp_project\mis\trace\views.py changed, reloading.
[2025-12-11 16:51:38]    INFO django.utils.autoreload - Watching for file changes with StatReloader
[2025-12-11 16:52:13]    INFO django.utils.autoreload - E:\pythonspace\skerp_project\mis\trace\views.py changed, reloading.
[2025-12-11 16:52:14]    INFO django.utils.autoreload - Watching for file changes with StatReloader
[2025-12-11 16:52:51]    INFO django.utils.autoreload - E:\pythonspace\skerp_project\mis\trace\views.py changed, reloading.
[2025-12-11 16:52:51]    INFO django.utils.autoreload - Watching for file changes with StatReloader
[2025-12-11 16:53:33]    INFO django.utils.autoreload - E:\pythonspace\skerp_project\mis\trace\views.py changed, reloading.
[2025-12-11 16:53:34]    INFO django.utils.autoreload - Watching for file changes with StatReloader
[2025-12-11 16:54:03]    INFO django.utils.autoreload - E:\pythonspace\skerp_project\mis\trace\views.py changed, reloading.
[2025-12-11 16:54:04]    INFO django.utils.autoreload - Watching for file changes with StatReloader
[2025-12-11 16:54:22]    INFO django.utils.autoreload - E:\pythonspace\skerp_project\mis\trace\views.py changed, reloading.
[2025-12-11 16:54:23]    INFO django.utils.autoreload - Watching for file changes with StatReloader
[2025-12-11 17:01:12]    INFO django.utils.autoreload - E:\pythonspace\skerp_project\mis\trace\views.py changed, reloading.
[2025-12-11 17:01:13]    INFO django.utils.autoreload - Watching for file changes with StatReloader
[2025-12-11 17:01:23]    INFO django.utils.autoreload - E:\pythonspace\skerp_project\mis\trace\views.py changed, reloading.
[2025-12-11 17:01:23]    INFO django.utils.autoreload - Watching for file changes with StatReloader
[2025-12-11 17:01:57] WARNING django.request - Not Found: /.well-known/appspecific/com.chrome.devtools.json
[2025-12-11 17:01:59]   ERROR django.request - Internal Server Error: /mis/trace/api/
Traceback (most recent call last):
  File "E:\pythonspace\skerp_project\venv\Lib\site-packages\django\core\handlers\exception.py", line 55, in inner
    response = get_response(request)
               ^^^^^^^^^^^^^^^^^^^^^
  File "E:\pythonspace\skerp_project\venv\Lib\site-packages\django\core\handlers\base.py", line 197, in _get_response
    response = wrapped_callback(request, *callback_args, **callback_kwargs)
               ^^^^^^^^^^^^^^^^^^^^^^^^^^^^^^^^^^^^^^^^^^^^^^^^^^^^^^^^^^^^
  File "E:\pythonspace\skerp_project\venv\Lib\site-packages\django\views\decorators\http.py", line 64, in inner
    return func(request, *args, **kwargs)
           ^^^^^^^^^^^^^^^^^^^^^^^^^^^^^^
  File "E:\pythonspace\skerp_project\mis\trace\views.py", line 380, in lot_trace_api
    lot_type = get_lot_type(lot_no)
               ^^^^^^^^^^^^
NameError: name 'get_lot_type' is not defined
[2025-12-11 17:12:50]    INFO django.utils.autoreload - E:\pythonspace\skerp_project\mis\trace\views.py changed, reloading.
[2025-12-11 17:12:50]    INFO django.utils.autoreload - Watching for file changes with StatReloader
[2025-12-11 17:12:53] WARNING django.request - Not Found: /.well-known/appspecific/com.chrome.devtools.json
[2025-12-11 17:12:54] WARNING django.request - Not Found: /.well-known/appspecific/com.chrome.devtools.json
[2025-12-11 17:12:59]   ERROR django.request - Internal Server Error: /mis/trace/api/
Traceback (most recent call last):
  File "E:\pythonspace\skerp_project\venv\Lib\site-packages\django\core\handlers\exception.py", line 55, in inner
    response = get_response(request)
               ^^^^^^^^^^^^^^^^^^^^^
  File "E:\pythonspace\skerp_project\venv\Lib\site-packages\django\core\handlers\base.py", line 197, in _get_response
    response = wrapped_callback(request, *callback_args, **callback_kwargs)
               ^^^^^^^^^^^^^^^^^^^^^^^^^^^^^^^^^^^^^^^^^^^^^^^^^^^^^^^^^^^^
  File "E:\pythonspace\skerp_project\venv\Lib\site-packages\django\views\decorators\http.py", line 64, in inner
    return func(request, *args, **kwargs)
           ^^^^^^^^^^^^^^^^^^^^^^^^^^^^^^
  File "E:\pythonspace\skerp_project\mis\trace\views.py", line 391, in lot_trace_api
    graph = build_graph_for_lot(lot_no, lot_type)
            ^^^^^^^^^^^^^^^^^^^^^^^^^^^^^^^^^^^^^
  File "E:\pythonspace\skerp_project\mis\trace\views.py", line 349, in build_graph_for_lot
    return _build_graph_for_shipment(lot_no)
           ^^^^^^^^^^^^^^^^^^^^^^^^^^^^^^^^^
  File "E:\pythonspace\skerp_project\mis\trace\views.py", line 273, in _build_graph_for_shipment
    .filter(finished_box_id__in=box_id_list)
     ^^^^^^^^^^^^^^^^^^^^^^^^^^^^^^^^^^^^^^^
  File "E:\pythonspace\skerp_project\venv\Lib\site-packages\django\db\models\query.py", line 1481, in filter
    return self._filter_or_exclude(False, args, kwargs)
           ^^^^^^^^^^^^^^^^^^^^^^^^^^^^^^^^^^^^^^^^^^^^
  File "E:\pythonspace\skerp_project\venv\Lib\site-packages\django\db\models\query.py", line 1499, in _filter_or_exclude
    clone._filter_or_exclude_inplace(negate, args, kwargs)
  File "E:\pythonspace\skerp_project\venv\Lib\site-packages\django\db\models\query.py", line 1506, in _filter_or_exclude_inplace
    self._query.add_q(Q(*args, **kwargs))
  File "E:\pythonspace\skerp_project\venv\Lib\site-packages\django\db\models\sql\query.py", line 1643, in add_q
    clause, _ = self._add_q(q_object, can_reuse)
                ^^^^^^^^^^^^^^^^^^^^^^^^^^^^^^^^
  File "E:\pythonspace\skerp_project\venv\Lib\site-packages\django\db\models\sql\query.py", line 1675, in _add_q
    child_clause, needed_inner = self.build_filter(
                                 ^^^^^^^^^^^^^^^^^^
  File "E:\pythonspace\skerp_project\venv\Lib\site-packages\django\db\models\sql\query.py", line 1523, in build_filter
    lookups, parts, reffed_expression = self.solve_lookup_type(arg, summarize)
                                        ^^^^^^^^^^^^^^^^^^^^^^^^^^^^^^^^^^^^^^
  File "E:\pythonspace\skerp_project\venv\Lib\site-packages\django\db\models\sql\query.py", line 1330, in solve_lookup_type
    _, field, _, lookup_parts = self.names_to_path(lookup_splitted, self.get_meta())
                                ^^^^^^^^^^^^^^^^^^^^^^^^^^^^^^^^^^^^^^^^^^^^^^^^^^^^
  File "E:\pythonspace\skerp_project\venv\Lib\site-packages\django\db\models\sql\query.py", line 1802, in names_to_path
    raise FieldError(
django.core.exceptions.FieldError: Cannot resolve keyword 'finished_box_id' into field. Choices are: box, box_id, filled_at, id, inspection, inspection_id, operator, qty_added, remark
[2025-12-11 17:32:34]    INFO django.utils.autoreload - E:\pythonspace\skerp_project\mis\trace\views.py changed, reloading.
[2025-12-11 17:32:35]    INFO django.utils.autoreload - Watching for file changes with StatReloader
[2025-12-11 17:32:49]    INFO django.utils.autoreload - E:\pythonspace\skerp_project\mis\trace\views.py changed, reloading.
[2025-12-11 17:32:49]    INFO django.utils.autoreload - Watching for file changes with StatReloader
[2025-12-11 17:34:24] WARNING django.request - Not Found: /.well-known/appspecific/com.chrome.devtools.json
[2025-12-11 17:34:28]   ERROR django.request - Internal Server Error: /mis/trace/api/
[2025-12-11 17:34:41] WARNING django.request - Not Found: /.well-known/appspecific/com.chrome.devtools.json
[2025-12-11 17:34:46]   ERROR django.request - Internal Server Error: /mis/trace/api/
[2025-12-11 17:37:48]   ERROR django.request - Internal Server Error: /mis/trace/api/
[2025-12-11 17:37:49]   ERROR django.request - Internal Server Error: /mis/trace/api/
[2025-12-11 17:37:50]   ERROR django.request - Internal Server Error: /mis/trace/api/
[2025-12-11 17:37:51]   ERROR django.request - Internal Server Error: /mis/trace/api/
[2025-12-11 17:37:51]   ERROR django.request - Internal Server Error: /mis/trace/api/
[2025-12-11 17:37:53]   ERROR django.request - Internal Server Error: /mis/trace/api/
[2025-12-11 17:40:19]    INFO django.utils.autoreload - E:\pythonspace\skerp_project\mis\trace\views.py changed, reloading.
[2025-12-11 17:40:20]    INFO django.utils.autoreload - Watching for file changes with StatReloader
[2025-12-11 17:40:25] WARNING django.request - Not Found: /.well-known/appspecific/com.chrome.devtools.json
[2025-12-11 17:40:26] WARNING django.request - Not Found: /.well-known/appspecific/com.chrome.devtools.json
[2025-12-11 17:40:28]   ERROR django.request - Internal Server Error: /mis/trace/api/
[2025-12-11 17:44:49]    INFO django.utils.autoreload - E:\pythonspace\skerp_project\mis\trace\views.py changed, reloading.
[2025-12-11 17:44:49]    INFO django.utils.autoreload - Watching for file changes with StatReloader
[2025-12-11 17:44:55] WARNING django.request - Not Found: /.well-known/appspecific/com.chrome.devtools.json
[2025-12-11 17:55:09]    INFO django.utils.autoreload - E:\pythonspace\skerp_project\mis\trace\views.py changed, reloading.
[2025-12-11 17:55:09]    INFO django.utils.autoreload - Watching for file changes with StatReloader
[2025-12-11 18:08:35]    INFO django.utils.autoreload - E:\pythonspace\skerp_project\mis\trace\views.py changed, reloading.
[2025-12-11 18:08:35]    INFO django.utils.autoreload - Watching for file changes with StatReloader
[2025-12-11 18:19:57]    INFO django.utils.autoreload - E:\pythonspace\skerp_project\mis\trace\views.py changed, reloading.
[2025-12-11 18:19:58]    INFO django.utils.autoreload - Watching for file changes with StatReloader
[2025-12-11 18:22:22]    INFO django.utils.autoreload - E:\pythonspace\skerp_project\mis\trace\views.py changed, reloading.
[2025-12-11 18:22:23]    INFO django.utils.autoreload - Watching for file changes with StatReloader
