[2025-12-10 08:34:58]    INFO django.utils.autoreload - Watching for file changes with StatReloader
[2025-12-10 08:35:26] WARNING django.request - Not Found: /favicon.ico
[2025-12-10 09:45:57]    INFO quality.outgoing.views - === OUTGOING_SITE GET === workorder_id=126
[2025-12-10 09:45:57]    INFO quality.outgoing.views - inspection_id=36, status=DONE, inspect_qty=90, good_qty=86, defect_qty=9, loss_qty=0, adjust_qty=-5
[2025-12-10 09:45:57]    INFO quality.outgoing.views - finished_payload=[{'seq': 1, 'lot': 'C-20251209-05', 'qty': 25, 'box_size': 25, 'status': 'FULL'}, {'seq': 2, 'lot': 'C-20251209-06', 'qty': 25, 'box_size': 25, 'status': 'FULL'}, {'seq': 3, 'lot': 'C-20251209-07', 'qty': 25, 'box_size': 25, 'status': 'FULL'}, {'seq': 4, 'lot': 'C-20251209-08', 'qty': 11, 'box_size': 25, 'status': 'SHORT'}]
[2025-12-10 10:59:19] WARNING django.request - Not Found: /.well-known/security.txt
[2025-12-10 11:00:09] WARNING django.request - Not Found: /favicon.ico
[2025-12-10 11:01:16] WARNING django.request - Not Found: /security.txt
[2025-12-10 11:05:37]    INFO quality.outgoing.views - === OUTGOING_SITE GET === workorder_id=124
[2025-12-10 11:05:37]    INFO quality.outgoing.views - inspection_id=35, status=DONE, inspect_qty=100, good_qty=88, defect_qty=12, loss_qty=0, adjust_qty=0
[2025-12-10 11:05:37]    INFO quality.outgoing.views - finished_payload=[{'seq': 1, 'lot': 'C-20251209-01', 'qty': 25, 'box_size': 25, 'status': 'FULL'}, {'seq': 2, 'lot': 'C-20251209-02', 'qty': 25, 'box_size': 25, 'status': 'FULL'}, {'seq': 3, 'lot': 'C-20251209-03', 'qty': 25, 'box_size': 25, 'status': 'FULL'}, {'seq': 4, 'lot': 'C-20251209-04', 'qty': 13, 'box_size': 25, 'status': 'SHORT'}]
[2025-12-10 12:20:18] WARNING django.request - Not Found: /robots.txt
[2025-12-10 13:05:31]    INFO django.utils.autoreload - E:\pythonspace\skerp_project\sales\models.py changed, reloading.
[2025-12-10 13:05:33]    INFO django.utils.autoreload - Watching for file changes with StatReloader
[2025-12-10 13:05:40]    INFO django.utils.autoreload - E:\pythonspace\skerp_project\sales\models.py changed, reloading.
[2025-12-10 13:05:41]    INFO django.utils.autoreload - Watching for file changes with StatReloader
[2025-12-10 13:06:11]    INFO django.utils.autoreload - E:\pythonspace\skerp_project\sales\models.py changed, reloading.
[2025-12-10 13:06:12]    INFO django.utils.autoreload - Watching for file changes with StatReloader
[2025-12-10 13:12:07]    INFO django.utils.autoreload - E:\pythonspace\skerp_project\sales\models.py changed, reloading.
[2025-12-10 13:12:08]    INFO django.utils.autoreload - Watching for file changes with StatReloader
[2025-12-10 13:12:47]    INFO django.utils.autoreload - E:\pythonspace\skerp_project\sales\models.py changed, reloading.
[2025-12-10 13:12:48]    INFO django.utils.autoreload - Watching for file changes with StatReloader
[2025-12-10 13:13:04]    INFO django.utils.autoreload - Watching for file changes with StatReloader
[2025-12-10 13:13:47]    INFO django.utils.autoreload - E:\pythonspace\skerp_project\sales\models.py changed, reloading.
[2025-12-10 13:13:48]    INFO django.utils.autoreload - Watching for file changes with StatReloader
[2025-12-10 13:13:50]    INFO django.utils.autoreload - E:\pythonspace\skerp_project\sales\models.py changed, reloading.
[2025-12-10 13:13:51]    INFO django.utils.autoreload - Watching for file changes with StatReloader
[2025-12-10 14:21:23]    INFO django.utils.autoreload - E:\pythonspace\skerp_project\sales\shipment\views.py changed, reloading.
[2025-12-10 14:21:24]    INFO django.utils.autoreload - Watching for file changes with StatReloader
[2025-12-10 14:24:15]    INFO django.utils.autoreload - Watching for file changes with StatReloader
[2025-12-10 14:25:41]    INFO django.utils.autoreload - E:\pythonspace\skerp_project\sales\shipment\views.py changed, reloading.
[2025-12-10 14:25:41]    INFO django.utils.autoreload - Watching for file changes with StatReloader
[2025-12-10 14:25:53]    INFO django.utils.autoreload - Watching for file changes with StatReloader
[2025-12-10 14:27:31]    INFO django.utils.autoreload - E:\pythonspace\skerp_project\sales\shipment\views.py changed, reloading.
[2025-12-10 14:27:32]    INFO django.utils.autoreload - Watching for file changes with StatReloader
[2025-12-10 14:29:35]    INFO django.utils.autoreload - E:\pythonspace\skerp_project\sales\models.py changed, reloading.
[2025-12-10 14:29:35]    INFO django.utils.autoreload - Watching for file changes with StatReloader
[2025-12-10 14:34:24]    INFO django.utils.autoreload - E:\pythonspace\skerp_project\sales\forms.py changed, reloading.
[2025-12-10 14:34:25]    INFO django.utils.autoreload - Watching for file changes with StatReloader
[2025-12-10 14:34:31]    INFO django.utils.autoreload - E:\pythonspace\skerp_project\sales\forms.py changed, reloading.
[2025-12-10 14:34:32]    INFO django.utils.autoreload - Watching for file changes with StatReloader
[2025-12-10 14:48:04]    INFO django.utils.autoreload - E:\pythonspace\skerp_project\sales\shipment\views.py changed, reloading.
[2025-12-10 14:48:05]    INFO django.utils.autoreload - Watching for file changes with StatReloader
[2025-12-10 15:10:26]    INFO django.utils.autoreload - E:\pythonspace\skerp_project\sales\shipment\views.py changed, reloading.
[2025-12-10 15:10:27]    INFO django.utils.autoreload - Watching for file changes with StatReloader
[2025-12-10 15:10:46]    INFO django.utils.autoreload - E:\pythonspace\skerp_project\sales\shipment\views.py changed, reloading.
[2025-12-10 15:10:47]    INFO django.utils.autoreload - Watching for file changes with StatReloader
[2025-12-10 15:20:06]   ERROR django.request - Internal Server Error: /sales/shipment/create/
Traceback (most recent call last):
  File "E:\pythonspace\skerp_project\venv\Lib\site-packages\django\template\base.py", line 890, in _resolve_lookup
    raise TypeError
TypeError

During handling of the above exception, another exception occurred:

Traceback (most recent call last):
  File "E:\pythonspace\skerp_project\venv\Lib\site-packages\django\template\base.py", line 901, in _resolve_lookup
    current = getattr(current, bit)
              ^^^^^^^^^^^^^^^^^^^^^
AttributeError: 'FinishedBox' object has no attribute 'quantity'

During handling of the above exception, another exception occurred:

Traceback (most recent call last):
  File "E:\pythonspace\skerp_project\venv\Lib\site-packages\django\template\base.py", line 907, in _resolve_lookup
    current = current[int(bit)]
                      ^^^^^^^^
ValueError: invalid literal for int() with base 10: 'quantity'

During handling of the above exception, another exception occurred:

Traceback (most recent call last):
  File "E:\pythonspace\skerp_project\venv\Lib\site-packages\django\core\handlers\exception.py", line 55, in inner
    response = get_response(request)
               ^^^^^^^^^^^^^^^^^^^^^
  File "E:\pythonspace\skerp_project\venv\Lib\site-packages\django\core\handlers\base.py", line 197, in _get_response
    response = wrapped_callback(request, *callback_args, **callback_kwargs)
               ^^^^^^^^^^^^^^^^^^^^^^^^^^^^^^^^^^^^^^^^^^^^^^^^^^^^^^^^^^^^
  File "E:\pythonspace\skerp_project\sales\shipment\views.py", line 49, in shipment_create
    return render(request, "shipment/shipment_form.html", context)
           ^^^^^^^^^^^^^^^^^^^^^^^^^^^^^^^^^^^^^^^^^^^^^^^^^^^^^^^
  File "E:\pythonspace\skerp_project\venv\Lib\site-packages\django\shortcuts.py", line 25, in render
    content = loader.render_to_string(template_name, context, request, using=using)
              ^^^^^^^^^^^^^^^^^^^^^^^^^^^^^^^^^^^^^^^^^^^^^^^^^^^^^^^^^^^^^^^^^^^^^
  File "E:\pythonspace\skerp_project\venv\Lib\site-packages\django\template\loader.py", line 62, in render_to_string
    return template.render(context, request)
           ^^^^^^^^^^^^^^^^^^^^^^^^^^^^^^^^^
  File "E:\pythonspace\skerp_project\venv\Lib\site-packages\django\template\backends\django.py", line 107, in render
    return self.template.render(context)
           ^^^^^^^^^^^^^^^^^^^^^^^^^^^^^
  File "E:\pythonspace\skerp_project\venv\Lib\site-packages\django\template\base.py", line 171, in render
    return self._render(context)
           ^^^^^^^^^^^^^^^^^^^^^
  File "E:\pythonspace\skerp_project\venv\Lib\site-packages\django\template\base.py", line 163, in _render
    return self.nodelist.render(context)
           ^^^^^^^^^^^^^^^^^^^^^^^^^^^^^
  File "E:\pythonspace\skerp_project\venv\Lib\site-packages\django\template\base.py", line 1016, in render
    return SafeString("".join([node.render_annotated(context) for node in self]))
                              ^^^^^^^^^^^^^^^^^^^^^^^^^^^^^^^^^^^^^^^^^^^^^^^^^
  File "E:\pythonspace\skerp_project\venv\Lib\site-packages\django\template\base.py", line 1016, in <listcomp>
    return SafeString("".join([node.render_annotated(context) for node in self]))
                               ^^^^^^^^^^^^^^^^^^^^^^^^^^^^^^
  File "E:\pythonspace\skerp_project\venv\Lib\site-packages\django\template\base.py", line 977, in render_annotated
    return self.render(context)
           ^^^^^^^^^^^^^^^^^^^^
  File "E:\pythonspace\skerp_project\venv\Lib\site-packages\django\template\loader_tags.py", line 159, in render
    return compiled_parent._render(context)
           ^^^^^^^^^^^^^^^^^^^^^^^^^^^^^^^^
  File "E:\pythonspace\skerp_project\venv\Lib\site-packages\django\template\base.py", line 163, in _render
    return self.nodelist.render(context)
           ^^^^^^^^^^^^^^^^^^^^^^^^^^^^^
  File "E:\pythonspace\skerp_project\venv\Lib\site-packages\django\template\base.py", line 1016, in render
    return SafeString("".join([node.render_annotated(context) for node in self]))
                              ^^^^^^^^^^^^^^^^^^^^^^^^^^^^^^^^^^^^^^^^^^^^^^^^^
  File "E:\pythonspace\skerp_project\venv\Lib\site-packages\django\template\base.py", line 1016, in <listcomp>
    return SafeString("".join([node.render_annotated(context) for node in self]))
                               ^^^^^^^^^^^^^^^^^^^^^^^^^^^^^^
  File "E:\pythonspace\skerp_project\venv\Lib\site-packages\django\template\base.py", line 977, in render_annotated
    return self.render(context)
           ^^^^^^^^^^^^^^^^^^^^
  File "E:\pythonspace\skerp_project\venv\Lib\site-packages\django\template\loader_tags.py", line 65, in render
    result = block.nodelist.render(context)
             ^^^^^^^^^^^^^^^^^^^^^^^^^^^^^^
  File "E:\pythonspace\skerp_project\venv\Lib\site-packages\django\template\base.py", line 1016, in render
    return SafeString("".join([node.render_annotated(context) for node in self]))
                              ^^^^^^^^^^^^^^^^^^^^^^^^^^^^^^^^^^^^^^^^^^^^^^^^^
  File "E:\pythonspace\skerp_project\venv\Lib\site-packages\django\template\base.py", line 1016, in <listcomp>
    return SafeString("".join([node.render_annotated(context) for node in self]))
                               ^^^^^^^^^^^^^^^^^^^^^^^^^^^^^^
  File "E:\pythonspace\skerp_project\venv\Lib\site-packages\django\template\base.py", line 977, in render_annotated
    return self.render(context)
           ^^^^^^^^^^^^^^^^^^^^
  File "E:\pythonspace\skerp_project\venv\Lib\site-packages\django\template\defaulttags.py", line 243, in render
    nodelist.append(node.render_annotated(context))
                    ^^^^^^^^^^^^^^^^^^^^^^^^^^^^^^
  File "E:\pythonspace\skerp_project\venv\Lib\site-packages\django\template\base.py", line 977, in render_annotated
    return self.render(context)
           ^^^^^^^^^^^^^^^^^^^^
  File "E:\pythonspace\skerp_project\venv\Lib\site-packages\django\template\base.py", line 1075, in render
    output = self.filter_expression.resolve(context)
             ^^^^^^^^^^^^^^^^^^^^^^^^^^^^^^^^^^^^^^^
  File "E:\pythonspace\skerp_project\venv\Lib\site-packages\django\template\base.py", line 743, in resolve
    arg_vals.append(arg.resolve(context))
                    ^^^^^^^^^^^^^^^^^^^^
  File "E:\pythonspace\skerp_project\venv\Lib\site-packages\django\template\base.py", line 854, in resolve
    value = self._resolve_lookup(context)
            ^^^^^^^^^^^^^^^^^^^^^^^^^^^^^
  File "E:\pythonspace\skerp_project\venv\Lib\site-packages\django\template\base.py", line 914, in _resolve_lookup
    raise VariableDoesNotExist(
django.template.base.VariableDoesNotExist: Failed lookup for key [quantity] in <FinishedBox: C-20251204-05 (25/25ea)>
[2025-12-10 15:22:52]    INFO django.utils.autoreload - E:\pythonspace\skerp_project\sales\shipment\views.py changed, reloading.
[2025-12-10 15:22:53]    INFO django.utils.autoreload - Watching for file changes with StatReloader
[2025-12-10 15:35:43]   ERROR django.request - Internal Server Error: /sales/shipment/create/
Traceback (most recent call last):
  File "E:\pythonspace\skerp_project\venv\Lib\site-packages\django\core\handlers\exception.py", line 55, in inner
    response = get_response(request)
               ^^^^^^^^^^^^^^^^^^^^^
  File "E:\pythonspace\skerp_project\venv\Lib\site-packages\django\core\handlers\base.py", line 197, in _get_response
    response = wrapped_callback(request, *callback_args, **callback_kwargs)
               ^^^^^^^^^^^^^^^^^^^^^^^^^^^^^^^^^^^^^^^^^^^^^^^^^^^^^^^^^^^^
  File "E:\pythonspace\skerp_project\sales\shipment\views.py", line 36, in shipment_create
    box_qs = box_qs.filter(product__program__icontains=program)
             ^^^^^^^^^^^^^^^^^^^^^^^^^^^^^^^^^^^^^^^^^^^^^^^^^^
  File "E:\pythonspace\skerp_project\venv\Lib\site-packages\django\db\models\query.py", line 1481, in filter
    return self._filter_or_exclude(False, args, kwargs)
           ^^^^^^^^^^^^^^^^^^^^^^^^^^^^^^^^^^^^^^^^^^^^
  File "E:\pythonspace\skerp_project\venv\Lib\site-packages\django\db\models\query.py", line 1499, in _filter_or_exclude
    clone._filter_or_exclude_inplace(negate, args, kwargs)
  File "E:\pythonspace\skerp_project\venv\Lib\site-packages\django\db\models\query.py", line 1506, in _filter_or_exclude_inplace
    self._query.add_q(Q(*args, **kwargs))
  File "E:\pythonspace\skerp_project\venv\Lib\site-packages\django\db\models\sql\query.py", line 1643, in add_q
    clause, _ = self._add_q(q_object, can_reuse)
                ^^^^^^^^^^^^^^^^^^^^^^^^^^^^^^^^
  File "E:\pythonspace\skerp_project\venv\Lib\site-packages\django\db\models\sql\query.py", line 1675, in _add_q
    child_clause, needed_inner = self.build_filter(
                                 ^^^^^^^^^^^^^^^^^^
  File "E:\pythonspace\skerp_project\venv\Lib\site-packages\django\db\models\sql\query.py", line 1585, in build_filter
    condition = self.build_lookup(lookups, col, value)
                ^^^^^^^^^^^^^^^^^^^^^^^^^^^^^^^^^^^^^^
  File "E:\pythonspace\skerp_project\venv\Lib\site-packages\django\db\models\sql\query.py", line 1399, in build_lookup
    lhs = self.try_transform(lhs, name, lookups)
          ^^^^^^^^^^^^^^^^^^^^^^^^^^^^^^^^^^^^^^
  File "E:\pythonspace\skerp_project\venv\Lib\site-packages\django\db\models\sql\query.py", line 1455, in try_transform
    raise FieldError(
django.core.exceptions.FieldError: Unsupported lookup 'program__icontains' for ForeignKey or join on the field not permitted.
[2025-12-10 15:36:40]   ERROR django.request - Internal Server Error: /sales/shipment/create/
Traceback (most recent call last):
  File "E:\pythonspace\skerp_project\venv\Lib\site-packages\django\core\handlers\exception.py", line 55, in inner
    response = get_response(request)
               ^^^^^^^^^^^^^^^^^^^^^
  File "E:\pythonspace\skerp_project\venv\Lib\site-packages\django\core\handlers\base.py", line 197, in _get_response
    response = wrapped_callback(request, *callback_args, **callback_kwargs)
               ^^^^^^^^^^^^^^^^^^^^^^^^^^^^^^^^^^^^^^^^^^^^^^^^^^^^^^^^^^^^
  File "E:\pythonspace\skerp_project\sales\shipment\views.py", line 36, in shipment_create
    box_qs = box_qs.filter(product__program__icontains=program)
             ^^^^^^^^^^^^^^^^^^^^^^^^^^^^^^^^^^^^^^^^^^^^^^^^^^
  File "E:\pythonspace\skerp_project\venv\Lib\site-packages\django\db\models\query.py", line 1481, in filter
    return self._filter_or_exclude(False, args, kwargs)
           ^^^^^^^^^^^^^^^^^^^^^^^^^^^^^^^^^^^^^^^^^^^^
  File "E:\pythonspace\skerp_project\venv\Lib\site-packages\django\db\models\query.py", line 1499, in _filter_or_exclude
    clone._filter_or_exclude_inplace(negate, args, kwargs)
  File "E:\pythonspace\skerp_project\venv\Lib\site-packages\django\db\models\query.py", line 1506, in _filter_or_exclude_inplace
    self._query.add_q(Q(*args, **kwargs))
  File "E:\pythonspace\skerp_project\venv\Lib\site-packages\django\db\models\sql\query.py", line 1643, in add_q
    clause, _ = self._add_q(q_object, can_reuse)
                ^^^^^^^^^^^^^^^^^^^^^^^^^^^^^^^^
  File "E:\pythonspace\skerp_project\venv\Lib\site-packages\django\db\models\sql\query.py", line 1675, in _add_q
    child_clause, needed_inner = self.build_filter(
                                 ^^^^^^^^^^^^^^^^^^
  File "E:\pythonspace\skerp_project\venv\Lib\site-packages\django\db\models\sql\query.py", line 1585, in build_filter
    condition = self.build_lookup(lookups, col, value)
                ^^^^^^^^^^^^^^^^^^^^^^^^^^^^^^^^^^^^^^
  File "E:\pythonspace\skerp_project\venv\Lib\site-packages\django\db\models\sql\query.py", line 1399, in build_lookup
    lhs = self.try_transform(lhs, name, lookups)
          ^^^^^^^^^^^^^^^^^^^^^^^^^^^^^^^^^^^^^^
  File "E:\pythonspace\skerp_project\venv\Lib\site-packages\django\db\models\sql\query.py", line 1455, in try_transform
    raise FieldError(
django.core.exceptions.FieldError: Unsupported lookup 'program__icontains' for ForeignKey or join on the field not permitted.
[2025-12-10 15:41:59]    INFO django.utils.autoreload - E:\pythonspace\skerp_project\sales\shipment\views.py changed, reloading.
[2025-12-10 15:41:59]    INFO django.utils.autoreload - Watching for file changes with StatReloader
[2025-12-10 15:54:48] WARNING django.request - Not Found: /.well-known/appspecific/com.chrome.devtools.json
[2025-12-10 15:55:36] WARNING django.request - Not Found: /.well-known/appspecific/com.chrome.devtools.json
[2025-12-10 15:55:55] WARNING django.request - Not Found: /.well-known/appspecific/com.chrome.devtools.json
[2025-12-10 15:55:57] WARNING django.request - Not Found: /.well-known/appspecific/com.chrome.devtools.json
[2025-12-10 15:57:07] WARNING django.request - Not Found: /.well-known/appspecific/com.chrome.devtools.json
[2025-12-10 15:57:11] WARNING django.request - Not Found: /.well-known/appspecific/com.chrome.devtools.json
[2025-12-10 15:58:38] WARNING django.request - Not Found: /.well-known/appspecific/com.chrome.devtools.json
[2025-12-10 15:58:58] WARNING django.request - Not Found: /.well-known/appspecific/com.chrome.devtools.json
[2025-12-10 15:59:01] WARNING django.request - Not Found: /.well-known/appspecific/com.chrome.devtools.json
[2025-12-10 15:59:42] WARNING django.request - Not Found: /.well-known/appspecific/com.chrome.devtools.json
[2025-12-10 15:59:51] WARNING django.request - Not Found: /.well-known/appspecific/com.chrome.devtools.json
[2025-12-10 15:59:56] WARNING django.request - Not Found: /.well-known/appspecific/com.chrome.devtools.json
[2025-12-10 16:00:10] WARNING django.request - Not Found: /.well-known/appspecific/com.chrome.devtools.json
[2025-12-10 16:00:13] WARNING django.request - Not Found: /.well-known/appspecific/com.chrome.devtools.json
[2025-12-10 16:00:54] WARNING django.request - Not Found: /.well-known/appspecific/com.chrome.devtools.json
[2025-12-10 16:01:29] WARNING django.request - Not Found: /.well-known/appspecific/com.chrome.devtools.json
[2025-12-10 16:01:34] WARNING django.request - Not Found: /.well-known/appspecific/com.chrome.devtools.json
[2025-12-10 16:01:40] WARNING django.request - Not Found: /.well-known/appspecific/com.chrome.devtools.json
[2025-12-10 16:02:02] WARNING django.request - Not Found: /.well-known/appspecific/com.chrome.devtools.json
[2025-12-10 16:02:21] WARNING django.request - Not Found: /.well-known/appspecific/com.chrome.devtools.json
[2025-12-10 16:02:23] WARNING django.request - Not Found: /.well-known/appspecific/com.chrome.devtools.json
[2025-12-10 16:02:27] WARNING django.request - Not Found: /.well-known/appspecific/com.chrome.devtools.json
[2025-12-10 16:02:31] WARNING django.request - Not Found: /.well-known/appspecific/com.chrome.devtools.json
[2025-12-10 16:03:03] WARNING django.request - Not Found: /.well-known/appspecific/com.chrome.devtools.json
[2025-12-10 16:03:09] WARNING django.request - Not Found: /.well-known/appspecific/com.chrome.devtools.json
[2025-12-10 16:03:17] WARNING django.request - Not Found: /.well-known/appspecific/com.chrome.devtools.json
[2025-12-10 16:03:19] WARNING django.request - Not Found: /.well-known/appspecific/com.chrome.devtools.json
[2025-12-10 16:03:21] WARNING django.request - Not Found: /.well-known/appspecific/com.chrome.devtools.json
[2025-12-10 16:03:43] WARNING django.request - Not Found: /.well-known/appspecific/com.chrome.devtools.json
[2025-12-10 16:03:47] WARNING django.request - Not Found: /.well-known/appspecific/com.chrome.devtools.json
[2025-12-10 16:03:53] WARNING django.request - Not Found: /.well-known/appspecific/com.chrome.devtools.json
[2025-12-10 16:03:57] WARNING django.request - Not Found: /.well-known/appspecific/com.chrome.devtools.json
[2025-12-10 16:04:02] WARNING django.request - Not Found: /.well-known/appspecific/com.chrome.devtools.json
[2025-12-10 16:04:15] WARNING django.request - Not Found: /.well-known/appspecific/com.chrome.devtools.json
[2025-12-10 16:04:18] WARNING django.request - Not Found: /.well-known/appspecific/com.chrome.devtools.json
[2025-12-10 16:04:20] WARNING django.request - Not Found: /.well-known/appspecific/com.chrome.devtools.json
[2025-12-10 16:04:29] WARNING django.request - Not Found: /.well-known/appspecific/com.chrome.devtools.json
[2025-12-10 16:04:33] WARNING django.request - Not Found: /.well-known/appspecific/com.chrome.devtools.json
[2025-12-10 16:04:39] WARNING django.request - Not Found: /.well-known/appspecific/com.chrome.devtools.json
[2025-12-10 16:04:41] WARNING django.request - Not Found: /.well-known/appspecific/com.chrome.devtools.json
[2025-12-10 16:04:41] WARNING django.request - Not Found: /.well-known/appspecific/com.chrome.devtools.json
[2025-12-10 16:04:43] WARNING django.request - Not Found: /.well-known/appspecific/com.chrome.devtools.json
[2025-12-10 16:04:45] WARNING django.request - Not Found: /.well-known/appspecific/com.chrome.devtools.json
[2025-12-10 16:04:45] WARNING django.request - Not Found: /.well-known/appspecific/com.chrome.devtools.json
[2025-12-10 16:04:58] WARNING django.request - Not Found: /.well-known/appspecific/com.chrome.devtools.json
[2025-12-10 16:05:02] WARNING django.request - Not Found: /.well-known/appspecific/com.chrome.devtools.json
[2025-12-10 16:05:12]   DEBUG purchase.views.injection - [REQ] ctype=application/json len=76 body[:200]='{"dest_wh_id":9,"move_date":"2025-12-10","remark":"","sub_line_ids":[72,73]}'
[2025-12-10 16:05:12]   DEBUG purchase.views.injection - [REQ] ctype=application/json len=76 body[:200]='{"dest_wh_id":9,"move_date":"2025-12-10","remark":"","sub_line_ids":[74,75]}'
[2025-12-10 16:05:29] WARNING django.request - Not Found: /.well-known/appspecific/com.chrome.devtools.json
[2025-12-10 16:05:32] WARNING django.request - Not Found: /.well-known/appspecific/com.chrome.devtools.json
[2025-12-10 16:05:36] WARNING django.request - Not Found: /.well-known/appspecific/com.chrome.devtools.json
[2025-12-10 16:06:56] WARNING django.request - Not Found: /.well-known/appspecific/com.chrome.devtools.json
[2025-12-10 16:07:09]   DEBUG production.orders.views - [라인 스킵] idx=0 hanger_count=0
[2025-12-10 16:07:09]   DEBUG production.orders.views - [라인 저장] idx=1 seq=1 wo_id=131 qty=250 start=2025-12-10 16:06:00 end=2025-12-10 16:28:00
[2025-12-10 16:07:09]   DEBUG production.orders.views - [라인 저장] idx=2 seq=2 wo_id=132 qty=250 start=2025-12-10 16:28:00 end=2025-12-10 16:51:00
[2025-12-10 16:07:09]    INFO production.orders.views - [작업지시 등록 성공] IDs=[131, 132]
[2025-12-10 16:07:09] WARNING django.request - Not Found: /.well-known/appspecific/com.chrome.devtools.json
[2025-12-10 16:07:14] WARNING django.request - Not Found: /.well-known/appspecific/com.chrome.devtools.json
[2025-12-10 16:07:17] WARNING django.request - Not Found: /.well-known/appspecific/com.chrome.devtools.json
[2025-12-10 16:07:37] WARNING django.request - Not Found: /.well-known/appspecific/com.chrome.devtools.json
[2025-12-10 16:07:52] WARNING django.request - Not Found: /.well-known/appspecific/com.chrome.devtools.json
[2025-12-10 16:07:56] WARNING django.request - Not Found: /.well-known/appspecific/com.chrome.devtools.json
[2025-12-10 16:07:58] WARNING django.request - Not Found: /.well-known/appspecific/com.chrome.devtools.json
[2025-12-10 16:08:07] WARNING django.request - Not Found: /.well-known/appspecific/com.chrome.devtools.json
[2025-12-10 16:08:09]    INFO quality.outgoing.views - === OUTGOING_SITE GET === workorder_id=131
[2025-12-10 16:08:09]    INFO quality.outgoing.views - inspection_id=37, status=DRAFT, inspect_qty=0, good_qty=0, defect_qty=0, loss_qty=0, adjust_qty=0
[2025-12-10 16:08:09]    INFO quality.outgoing.views - finished_payload=[]
[2025-12-10 16:08:09] WARNING django.request - Not Found: /.well-known/appspecific/com.chrome.devtools.json
[2025-12-10 16:08:10] WARNING django.request - Not Found: /.well-known/appspecific/com.chrome.devtools.json
[2025-12-10 16:08:10] WARNING django.request - Not Found: /.well-known/appspecific/com.chrome.devtools.json
[2025-12-10 16:08:11] WARNING django.request - Not Found: /.well-known/appspecific/com.chrome.devtools.json
[2025-12-10 16:08:41]    INFO quality.outgoing.views - === OUTGOING_SITE GET === workorder_id=131
[2025-12-10 16:08:41]    INFO quality.outgoing.views - inspection_id=37, status=DRAFT, inspect_qty=0, good_qty=0, defect_qty=0, loss_qty=0, adjust_qty=0
[2025-12-10 16:08:41]    INFO quality.outgoing.views - finished_payload=[]
[2025-12-10 16:08:41] WARNING django.request - Not Found: /.well-known/appspecific/com.chrome.devtools.json
[2025-12-10 16:08:44] WARNING django.request - Not Found: /.well-known/appspecific/com.chrome.devtools.json
[2025-12-10 16:08:44] WARNING django.request - Not Found: /.well-known/appspecific/com.chrome.devtools.json
[2025-12-10 16:08:53]    INFO quality.outgoing.views - === OUTGOING_SITE GET === workorder_id=131
[2025-12-10 16:08:53]    INFO quality.outgoing.views - inspection_id=37, status=DRAFT, inspect_qty=0, good_qty=0, defect_qty=0, loss_qty=0, adjust_qty=0
[2025-12-10 16:08:53]    INFO quality.outgoing.views - finished_payload=[]
[2025-12-10 16:08:53] WARNING django.request - Not Found: /.well-known/appspecific/com.chrome.devtools.json
[2025-12-10 16:09:09]    INFO quality.outgoing.views - === OUTGOING_SITE GET === workorder_id=131
[2025-12-10 16:09:09]    INFO quality.outgoing.views - inspection_id=37, status=HOLD, inspect_qty=100, good_qty=100, defect_qty=0, loss_qty=0, adjust_qty=0
[2025-12-10 16:09:09]    INFO quality.outgoing.views - finished_payload=[{'seq': 1, 'lot': 'C-20251210-01', 'qty': 25, 'box_size': 25, 'status': 'FULL'}, {'seq': 2, 'lot': 'C-20251210-02', 'qty': 25, 'box_size': 25, 'status': 'FULL'}, {'seq': 3, 'lot': 'C-20251210-03', 'qty': 25, 'box_size': 25, 'status': 'FULL'}, {'seq': 4, 'lot': 'C-20251210-04', 'qty': 25, 'box_size': 25, 'status': 'FULL'}]
[2025-12-10 16:09:09] WARNING django.request - Not Found: /.well-known/appspecific/com.chrome.devtools.json
[2025-12-10 16:09:22] WARNING django.request - Not Found: /.well-known/appspecific/com.chrome.devtools.json
[2025-12-10 16:09:24] WARNING django.request - Not Found: /.well-known/appspecific/com.chrome.devtools.json
[2025-12-10 16:09:26] WARNING django.request - Not Found: /.well-known/appspecific/com.chrome.devtools.json
[2025-12-10 16:21:41] WARNING django.request - Not Found: /.well-known/appspecific/com.chrome.devtools.json
[2025-12-10 16:21:59] WARNING django.request - Not Found: /.well-known/appspecific/com.chrome.devtools.json
[2025-12-10 16:21:59] WARNING django.request - Not Found: /.well-known/appspecific/com.chrome.devtools.json
[2025-12-10 16:22:05] WARNING django.request - Not Found: /.well-known/appspecific/com.chrome.devtools.json
[2025-12-10 16:30:15]    INFO django.utils.autoreload - E:\pythonspace\skerp_project\sales\shipment\views.py changed, reloading.
[2025-12-10 16:30:15]    INFO django.utils.autoreload - Watching for file changes with StatReloader
[2025-12-10 16:30:19] WARNING django.request - Not Found: /.well-known/appspecific/com.chrome.devtools.json
[2025-12-10 16:42:41]    INFO django.utils.autoreload - E:\pythonspace\skerp_project\sales\shipment\views.py changed, reloading.
[2025-12-10 16:42:42]    INFO django.utils.autoreload - Watching for file changes with StatReloader
[2025-12-10 16:42:47] WARNING django.request - Not Found: /.well-known/appspecific/com.chrome.devtools.json
[2025-12-10 16:51:27]    INFO django.utils.autoreload - E:\pythonspace\skerp_project\sales\shipment\views.py changed, reloading.
[2025-12-10 16:51:27]    INFO django.utils.autoreload - Watching for file changes with StatReloader
[2025-12-10 16:51:33] WARNING django.request - Not Found: /.well-known/appspecific/com.chrome.devtools.json
[2025-12-10 16:56:35] WARNING django.request - Not Found: /.well-known/appspecific/com.chrome.devtools.json
[2025-12-10 16:56:54] WARNING django.request - Not Found: /.well-known/appspecific/com.chrome.devtools.json
[2025-12-10 16:57:35] WARNING django.request - Not Found: /.well-known/appspecific/com.chrome.devtools.json
[2025-12-10 16:57:57] WARNING django.request - Not Found: /.well-known/appspecific/com.chrome.devtools.json
[2025-12-10 16:58:14] WARNING django.request - Not Found: /.well-known/appspecific/com.chrome.devtools.json
[2025-12-10 16:58:15] WARNING django.request - Not Found: /.well-known/appspecific/com.chrome.devtools.json
[2025-12-10 16:58:17] WARNING django.request - Not Found: /.well-known/appspecific/com.chrome.devtools.json
[2025-12-10 16:58:18] WARNING django.request - Not Found: /.well-known/appspecific/com.chrome.devtools.json
[2025-12-10 16:58:22] WARNING django.request - Not Found: /.well-known/appspecific/com.chrome.devtools.json
[2025-12-10 16:58:26] WARNING django.request - Not Found: /.well-known/appspecific/com.chrome.devtools.json
[2025-12-10 16:58:44] WARNING django.request - Not Found: /.well-known/appspecific/com.chrome.devtools.json
[2025-12-10 17:38:33] WARNING django.request - Not Found: /.well-known/appspecific/com.chrome.devtools.json
[2025-12-10 18:12:36] WARNING django.request - Not Found: /.well-known/appspecific/com.chrome.devtools.json
[2025-12-10 18:12:38] WARNING django.request - Not Found: /.well-known/appspecific/com.chrome.devtools.json
[2025-12-10 18:12:44] WARNING django.request - Not Found: /.well-known/appspecific/com.chrome.devtools.json
[2025-12-10 18:12:51] WARNING django.request - Not Found: /.well-known/appspecific/com.chrome.devtools.json
[2025-12-10 18:12:56] WARNING django.request - Not Found: /.well-known/appspecific/com.chrome.devtools.json
[2025-12-10 18:13:00] WARNING django.request - Not Found: /.well-known/appspecific/com.chrome.devtools.json
[2025-12-11 08:28:23] WARNING django.request - Not Found: /.well-known/appspecific/com.chrome.devtools.json
[2025-12-11 08:28:39] WARNING django.request - Not Found: /.well-known/appspecific/com.chrome.devtools.json
[2025-12-11 08:28:52] WARNING django.request - Not Found: /.well-known/appspecific/com.chrome.devtools.json
[2025-12-11 08:29:16] WARNING django.request - Not Found: /.well-known/appspecific/com.chrome.devtools.json
[2025-12-11 08:29:54] WARNING django.request - Not Found: /.well-known/appspecific/com.chrome.devtools.json
[2025-12-11 08:31:12] WARNING django.request - Not Found: /.well-known/appspecific/com.chrome.devtools.json
[2025-12-11 08:31:44] WARNING django.request - Not Found: /.well-known/appspecific/com.chrome.devtools.json
[2025-12-11 08:41:09]   DEBUG PIL.Image - Importing BlpImagePlugin
[2025-12-11 08:41:09]   DEBUG PIL.Image - Importing BmpImagePlugin
[2025-12-11 08:41:09]   DEBUG PIL.Image - Importing BufrStubImagePlugin
[2025-12-11 08:41:09]   DEBUG PIL.Image - Importing CurImagePlugin
[2025-12-11 08:41:09]   DEBUG PIL.Image - Importing DcxImagePlugin
[2025-12-11 08:41:09]   DEBUG PIL.Image - Importing DdsImagePlugin
[2025-12-11 08:41:09]   DEBUG PIL.Image - Importing EpsImagePlugin
[2025-12-11 08:41:09]   DEBUG PIL.Image - Importing FitsImagePlugin
[2025-12-11 08:41:09]   DEBUG PIL.Image - Importing FliImagePlugin
[2025-12-11 08:41:09]   DEBUG PIL.Image - Importing FpxImagePlugin
[2025-12-11 08:41:09]   DEBUG PIL.Image - Image: failed to import FpxImagePlugin: No module named 'olefile'
[2025-12-11 08:41:09]   DEBUG PIL.Image - Importing FtexImagePlugin
[2025-12-11 08:41:09]   DEBUG PIL.Image - Importing GbrImagePlugin
[2025-12-11 08:41:09]   DEBUG PIL.Image - Importing GifImagePlugin
[2025-12-11 08:41:09]   DEBUG PIL.Image - Importing GribStubImagePlugin
[2025-12-11 08:41:09]   DEBUG PIL.Image - Importing Hdf5StubImagePlugin
[2025-12-11 08:41:09]   DEBUG PIL.Image - Importing IcnsImagePlugin
[2025-12-11 08:41:09]   DEBUG PIL.Image - Importing IcoImagePlugin
[2025-12-11 08:41:09]   DEBUG PIL.Image - Importing ImImagePlugin
[2025-12-11 08:41:09]   DEBUG PIL.Image - Importing ImtImagePlugin
[2025-12-11 08:41:09]   DEBUG PIL.Image - Importing IptcImagePlugin
[2025-12-11 08:41:09]   DEBUG PIL.Image - Importing JpegImagePlugin
[2025-12-11 08:41:09]   DEBUG PIL.Image - Importing Jpeg2KImagePlugin
[2025-12-11 08:41:09]   DEBUG PIL.Image - Importing McIdasImagePlugin
[2025-12-11 08:41:09]   DEBUG PIL.Image - Importing MicImagePlugin
[2025-12-11 08:41:09]   DEBUG PIL.Image - Image: failed to import MicImagePlugin: No module named 'olefile'
[2025-12-11 08:41:09]   DEBUG PIL.Image - Importing MpegImagePlugin
[2025-12-11 08:41:09]   DEBUG PIL.Image - Importing MpoImagePlugin
[2025-12-11 08:41:09]   DEBUG PIL.Image - Importing MspImagePlugin
[2025-12-11 08:41:09]   DEBUG PIL.Image - Importing PalmImagePlugin
[2025-12-11 08:41:09]   DEBUG PIL.Image - Importing PcdImagePlugin
[2025-12-11 08:41:09]   DEBUG PIL.Image - Importing PcxImagePlugin
[2025-12-11 08:41:09]   DEBUG PIL.Image - Importing PdfImagePlugin
[2025-12-11 08:41:09]   DEBUG PIL.Image - Importing PixarImagePlugin
[2025-12-11 08:41:09]   DEBUG PIL.Image - Importing PngImagePlugin
[2025-12-11 08:41:09]   DEBUG PIL.Image - Importing PpmImagePlugin
[2025-12-11 08:41:09]   DEBUG PIL.Image - Importing PsdImagePlugin
[2025-12-11 08:41:09]   DEBUG PIL.Image - Importing QoiImagePlugin
[2025-12-11 08:41:09]   DEBUG PIL.Image - Importing SgiImagePlugin
[2025-12-11 08:41:09]   DEBUG PIL.Image - Importing SpiderImagePlugin
[2025-12-11 08:41:09]   DEBUG PIL.Image - Importing SunImagePlugin
[2025-12-11 08:41:09]   DEBUG PIL.Image - Importing TgaImagePlugin
[2025-12-11 08:41:09]   DEBUG PIL.Image - Importing TiffImagePlugin
[2025-12-11 08:41:09]   DEBUG PIL.Image - Importing WebPImagePlugin
[2025-12-11 08:41:09]   DEBUG PIL.Image - Importing WmfImagePlugin
[2025-12-11 08:41:09]   DEBUG PIL.Image - Importing XbmImagePlugin
[2025-12-11 08:41:09]   DEBUG PIL.Image - Importing XpmImagePlugin
[2025-12-11 08:41:09]   DEBUG PIL.Image - Importing XVThumbImagePlugin
[2025-12-11 08:43:25] WARNING django.request - Not Found: /.well-known/appspecific/com.chrome.devtools.json
[2025-12-11 08:45:19] WARNING django.request - Not Found: /.well-known/appspecific/com.chrome.devtools.json
[2025-12-11 08:45:22] WARNING django.request - Not Found: /.well-known/appspecific/com.chrome.devtools.json
[2025-12-11 08:47:35] WARNING django.request - Not Found: /.well-known/appspecific/com.chrome.devtools.json
[2025-12-11 08:47:38] WARNING django.request - Not Found: /.well-known/appspecific/com.chrome.devtools.json
[2025-12-11 08:47:40] WARNING django.request - Not Found: /.well-known/appspecific/com.chrome.devtools.json
[2025-12-11 08:55:08] WARNING django.request - Not Found: /favicon.ico
[2025-12-11 08:59:33]    INFO django.utils.autoreload - E:\pythonspace\skerp_project\partnerorder\views.py changed, reloading.
