[2025-11-21 11:58:37]    INFO django.utils.autoreload - Watching for file changes with StatReloader
[2025-11-21 11:59:43]    INFO django.utils.autoreload - E:\pythonspace\skerp_project\quality\inspections\models.py changed, reloading.
[2025-11-21 11:59:44]    INFO django.utils.autoreload - Watching for file changes with StatReloader
[2025-11-21 12:00:04]    INFO django.utils.autoreload - E:\pythonspace\skerp_project\quality\outgoing\views.py changed, reloading.
[2025-11-21 12:00:05]    INFO django.utils.autoreload - Watching for file changes with StatReloader
[2025-11-21 12:01:11]    INFO django.utils.autoreload - E:\pythonspace\skerp_project\quality\outgoing\views.py changed, reloading.
[2025-11-21 12:01:12]    INFO django.utils.autoreload - Watching for file changes with StatReloader
[2025-11-21 12:01:15]   ERROR django.request - Internal Server Error: /quality/outgoing/site/86/inspect/
Traceback (most recent call last):
  File "E:\pythonspace\skerp_project\venv\Lib\site-packages\django\db\backends\utils.py", line 105, in _execute
    return self.cursor.execute(sql, params)
           ^^^^^^^^^^^^^^^^^^^^^^^^^^^^^^^^
psycopg2.errors.UndefinedColumn: 오류:  quality_outgoinginspection.hold_qty 칼럼 없음
LINE 1: ...ct_qty", "quality_outgoinginspection"."loss_qty", "quality_o...
                                                             ^
HINT:  아마 "quality_outgoinginspection.good_qty" 칼럼을 참조하는 것 같습니다.


The above exception was the direct cause of the following exception:

Traceback (most recent call last):
  File "E:\pythonspace\skerp_project\venv\Lib\site-packages\django\core\handlers\exception.py", line 55, in inner
    response = get_response(request)
               ^^^^^^^^^^^^^^^^^^^^^
  File "E:\pythonspace\skerp_project\venv\Lib\site-packages\django\core\handlers\base.py", line 197, in _get_response
    response = wrapped_callback(request, *callback_args, **callback_kwargs)
               ^^^^^^^^^^^^^^^^^^^^^^^^^^^^^^^^^^^^^^^^^^^^^^^^^^^^^^^^^^^^
  File "E:\pythonspace\skerp_project\venv\Lib\site-packages\django\views\decorators\http.py", line 64, in inner
    return func(request, *args, **kwargs)
           ^^^^^^^^^^^^^^^^^^^^^^^^^^^^^^
  File "E:\pythonspace\skerp_project\quality\outgoing\views.py", line 99, in outgoing_inspect
    inspection, created = OutgoingInspection.objects.get_or_create(
                          ^^^^^^^^^^^^^^^^^^^^^^^^^^^^^^^^^^^^^^^^^
  File "E:\pythonspace\skerp_project\venv\Lib\site-packages\django\db\models\manager.py", line 87, in manager_method
    return getattr(self.get_queryset(), name)(*args, **kwargs)
           ^^^^^^^^^^^^^^^^^^^^^^^^^^^^^^^^^^^^^^^^^^^^^^^^^^^
  File "E:\pythonspace\skerp_project\venv\Lib\site-packages\django\db\models\query.py", line 946, in get_or_create
    return self.get(**kwargs), False
           ^^^^^^^^^^^^^^^^^^
  File "E:\pythonspace\skerp_project\venv\Lib\site-packages\django\db\models\query.py", line 629, in get
    num = len(clone)
          ^^^^^^^^^^
  File "E:\pythonspace\skerp_project\venv\Lib\site-packages\django\db\models\query.py", line 366, in __len__
    self._fetch_all()
  File "E:\pythonspace\skerp_project\venv\Lib\site-packages\django\db\models\query.py", line 1935, in _fetch_all
    self._result_cache = list(self._iterable_class(self))
                         ^^^^^^^^^^^^^^^^^^^^^^^^^^^^^^^^
  File "E:\pythonspace\skerp_project\venv\Lib\site-packages\django\db\models\query.py", line 91, in __iter__
    results = compiler.execute_sql(
              ^^^^^^^^^^^^^^^^^^^^^
  File "E:\pythonspace\skerp_project\venv\Lib\site-packages\django\db\models\sql\compiler.py", line 1622, in execute_sql
    cursor.execute(sql, params)
  File "E:\pythonspace\skerp_project\venv\Lib\site-packages\django\db\backends\utils.py", line 122, in execute
    return super().execute(sql, params)
           ^^^^^^^^^^^^^^^^^^^^^^^^^^^^
  File "E:\pythonspace\skerp_project\venv\Lib\site-packages\django\db\backends\utils.py", line 79, in execute
    return self._execute_with_wrappers(
           ^^^^^^^^^^^^^^^^^^^^^^^^^^^^
  File "E:\pythonspace\skerp_project\venv\Lib\site-packages\django\db\backends\utils.py", line 92, in _execute_with_wrappers
    return executor(sql, params, many, context)
           ^^^^^^^^^^^^^^^^^^^^^^^^^^^^^^^^^^^^
  File "E:\pythonspace\skerp_project\venv\Lib\site-packages\django\db\backends\utils.py", line 100, in _execute
    with self.db.wrap_database_errors:
  File "E:\pythonspace\skerp_project\venv\Lib\site-packages\django\db\utils.py", line 91, in __exit__
    raise dj_exc_value.with_traceback(traceback) from exc_value
  File "E:\pythonspace\skerp_project\venv\Lib\site-packages\django\db\backends\utils.py", line 105, in _execute
    return self.cursor.execute(sql, params)
           ^^^^^^^^^^^^^^^^^^^^^^^^^^^^^^^^
django.db.utils.ProgrammingError: 오류:  quality_outgoinginspection.hold_qty 칼럼 없음
LINE 1: ...ct_qty", "quality_outgoinginspection"."loss_qty", "quality_o...
                                                             ^
HINT:  아마 "quality_outgoinginspection.good_qty" 칼럼을 참조하는 것 같습니다.

[2025-11-21 14:19:07]    INFO django.utils.autoreload - E:\pythonspace\skerp_project\quality\outgoing\views.py changed, reloading.
[2025-11-21 14:19:08]    INFO django.utils.autoreload - Watching for file changes with StatReloader
[2025-11-21 14:19:18]    INFO django.utils.autoreload - E:\pythonspace\skerp_project\quality\outgoing\views.py changed, reloading.
[2025-11-21 14:19:19]    INFO django.utils.autoreload - Watching for file changes with StatReloader
[2025-11-21 14:19:30]    INFO django.utils.autoreload - E:\pythonspace\skerp_project\quality\outgoing\views.py changed, reloading.
[2025-11-21 14:19:31]    INFO django.utils.autoreload - Watching for file changes with StatReloader
[2025-11-21 14:20:59]    INFO django.utils.autoreload - E:\pythonspace\skerp_project\quality\outgoing\views.py changed, reloading.
[2025-11-21 14:20:59]    INFO django.utils.autoreload - Watching for file changes with StatReloader
[2025-11-21 14:21:14]    INFO django.utils.autoreload - E:\pythonspace\skerp_project\quality\outgoing\views.py changed, reloading.
[2025-11-21 14:21:15]    INFO django.utils.autoreload - Watching for file changes with StatReloader
[2025-11-21 14:23:37]   ERROR django.request - Internal Server Error: /quality/outgoing/site/86/inspect/
Traceback (most recent call last):
  File "E:\pythonspace\skerp_project\venv\Lib\site-packages\django\core\handlers\exception.py", line 55, in inner
    response = get_response(request)
               ^^^^^^^^^^^^^^^^^^^^^
  File "E:\pythonspace\skerp_project\venv\Lib\site-packages\django\core\handlers\base.py", line 197, in _get_response
    response = wrapped_callback(request, *callback_args, **callback_kwargs)
               ^^^^^^^^^^^^^^^^^^^^^^^^^^^^^^^^^^^^^^^^^^^^^^^^^^^^^^^^^^^^
  File "E:\pythonspace\skerp_project\venv\Lib\site-packages\django\views\decorators\http.py", line 64, in inner
    return func(request, *args, **kwargs)
           ^^^^^^^^^^^^^^^^^^^^^^^^^^^^^^
  File "E:\pythonspace\skerp_project\quality\outgoing\views.py", line 216, in outgoing_inspect
    if error_message:
       ^^^^^^^^^^^^^
UnboundLocalError: cannot access local variable 'error_message' where it is not associated with a value
[2025-11-21 15:00:54]    INFO django.utils.autoreload - E:\pythonspace\skerp_project\quality\inspections\models.py changed, reloading.
[2025-11-21 15:00:55]    INFO django.utils.autoreload - Watching for file changes with StatReloader
[2025-11-21 15:01:15]    INFO django.utils.autoreload - E:\pythonspace\skerp_project\quality\inspections\models.py changed, reloading.
[2025-11-21 15:01:16]    INFO django.utils.autoreload - Watching for file changes with StatReloader
[2025-11-21 15:01:21]    INFO django.utils.autoreload - E:\pythonspace\skerp_project\quality\inspections\models.py changed, reloading.
[2025-11-21 15:01:21]    INFO django.utils.autoreload - Watching for file changes with StatReloader
[2025-11-21 15:01:51]    INFO django.utils.autoreload - E:\pythonspace\skerp_project\quality\inspections\models.py changed, reloading.
[2025-11-21 15:01:51]    INFO django.utils.autoreload - Watching for file changes with StatReloader
[2025-11-21 15:03:30]    INFO django.utils.autoreload - E:\pythonspace\skerp_project\quality\inspections\models.py changed, reloading.
[2025-11-21 15:03:31]    INFO django.utils.autoreload - Watching for file changes with StatReloader
[2025-11-21 15:04:49]    INFO django.utils.autoreload - E:\pythonspace\skerp_project\quality\outgoing\views.py changed, reloading.
[2025-11-21 15:04:50]    INFO django.utils.autoreload - Watching for file changes with StatReloader
[2025-11-21 15:09:40]   DEBUG production.orders.views - [라인 스킵] idx=0 hanger_count=0
[2025-11-21 15:09:40]   DEBUG production.orders.views - [라인 저장] idx=1 seq=1 wo_id=88 qty=100 start=2025-11-21 15:09:00 end=2025-11-21 15:18:00
[2025-11-21 15:09:40]    INFO production.orders.views - [작업지시 등록 성공] IDs=[88]
