[2025-11-12 07:36:01]    INFO django.utils.autoreload - Watching for file changes with StatReloader
[2025-11-12 07:38:00]    INFO django.utils.autoreload - E:\pythonspace\skerp_project\production\exec\views.py changed, reloading.
[2025-11-12 07:38:01]    INFO django.utils.autoreload - Watching for file changes with StatReloader
[2025-11-12 07:38:19]    INFO django.utils.autoreload - E:\pythonspace\skerp_project\production\exec\views.py changed, reloading.
[2025-11-12 07:38:19]    INFO django.utils.autoreload - Watching for file changes with StatReloader
[2025-11-12 07:40:28]    INFO django.utils.autoreload - E:\pythonspace\skerp_project\production\finish\views.py changed, reloading.
[2025-11-12 07:40:28]    INFO django.utils.autoreload - Watching for file changes with StatReloader
[2025-11-12 07:42:12]    INFO django.utils.autoreload - E:\pythonspace\skerp_project\production\finish\views.py changed, reloading.
[2025-11-12 07:42:13]    INFO django.utils.autoreload - Watching for file changes with StatReloader
[2025-11-12 07:43:12]    INFO django.utils.autoreload - E:\pythonspace\skerp_project\production\exec\views.py changed, reloading.
[2025-11-12 07:43:12]    INFO django.utils.autoreload - Watching for file changes with StatReloader
[2025-11-12 07:53:03] WARNING django.request - Not Found: /.well-known/appspecific/com.chrome.devtools.json
[2025-11-12 07:53:06] WARNING django.request - Not Found: /.well-known/appspecific/com.chrome.devtools.json
[2025-11-12 07:53:08] WARNING django.request - Not Found: /.well-known/appspecific/com.chrome.devtools.json
[2025-11-12 07:53:13] WARNING django.request - Not Found: /.well-known/appspecific/com.chrome.devtools.json
[2025-11-12 07:53:14] WARNING django.request - Not Found: /.well-known/appspecific/com.chrome.devtools.json
[2025-11-12 07:53:15] WARNING django.request - Not Found: /.well-known/appspecific/com.chrome.devtools.json
[2025-11-12 07:53:17] WARNING django.request - Not Found: /.well-known/appspecific/com.chrome.devtools.json
[2025-11-12 07:53:20] WARNING django.request - Not Found: /.well-known/appspecific/com.chrome.devtools.json
[2025-11-12 07:53:22] WARNING django.request - Not Found: /.well-known/appspecific/com.chrome.devtools.json
[2025-11-12 07:53:43] WARNING django.request - Not Found: /.well-known/appspecific/com.chrome.devtools.json
[2025-11-12 07:53:52] WARNING django.request - Not Found: /.well-known/appspecific/com.chrome.devtools.json
[2025-11-12 08:35:07]   ERROR django.request - Internal Server Error: /production/finish/print/86/
Traceback (most recent call last):
  File "E:\pythonspace\skerp_project\venv\Lib\site-packages\django\template\backends\django.py", line 107, in render
    return self.template.render(context)
           ^^^^^^^^^^^^^^^^^^^^^^^^^^^^^
  File "E:\pythonspace\skerp_project\venv\Lib\site-packages\django\template\base.py", line 171, in render
    return self._render(context)
           ^^^^^^^^^^^^^^^^^^^^^
  File "E:\pythonspace\skerp_project\venv\Lib\site-packages\django\template\base.py", line 163, in _render
    return self.nodelist.render(context)
           ^^^^^^^^^^^^^^^^^^^^^^^^^^^^^
  File "E:\pythonspace\skerp_project\venv\Lib\site-packages\django\template\base.py", line 1016, in render
    return SafeString("".join([node.render_annotated(context) for node in self]))
                              ^^^^^^^^^^^^^^^^^^^^^^^^^^^^^^^^^^^^^^^^^^^^^^^^^
  File "E:\pythonspace\skerp_project\venv\Lib\site-packages\django\template\base.py", line 1016, in <listcomp>
    return SafeString("".join([node.render_annotated(context) for node in self]))
                               ^^^^^^^^^^^^^^^^^^^^^^^^^^^^^^
  File "E:\pythonspace\skerp_project\venv\Lib\site-packages\django\template\base.py", line 977, in render_annotated
    return self.render(context)
           ^^^^^^^^^^^^^^^^^^^^
  File "E:\pythonspace\skerp_project\venv\Lib\site-packages\django\template\loader_tags.py", line 199, in render
    template = context.template.engine.select_template(template_name)
               ^^^^^^^^^^^^^^^^^^^^^^^^^^^^^^^^^^^^^^^^^^^^^^^^^^^^^^
  File "E:\pythonspace\skerp_project\venv\Lib\site-packages\django\template\engine.py", line 214, in select_template
    raise TemplateDoesNotExist(", ".join(not_found))
django.template.exceptions.TemplateDoesNotExist: common/ci_logo.html

The above exception was the direct cause of the following exception:

Traceback (most recent call last):
  File "E:\pythonspace\skerp_project\venv\Lib\site-packages\django\core\handlers\exception.py", line 55, in inner
    response = get_response(request)
               ^^^^^^^^^^^^^^^^^^^^^
  File "E:\pythonspace\skerp_project\venv\Lib\site-packages\django\core\handlers\base.py", line 197, in _get_response
    response = wrapped_callback(request, *callback_args, **callback_kwargs)
               ^^^^^^^^^^^^^^^^^^^^^^^^^^^^^^^^^^^^^^^^^^^^^^^^^^^^^^^^^^^^
  File "E:\pythonspace\skerp_project\venv\Lib\site-packages\django\views\decorators\http.py", line 64, in inner
    return func(request, *args, **kwargs)
           ^^^^^^^^^^^^^^^^^^^^^^^^^^^^^^
  File "E:\pythonspace\skerp_project\venv\Lib\site-packages\django\views\decorators\http.py", line 64, in inner
    return func(request, *args, **kwargs)
           ^^^^^^^^^^^^^^^^^^^^^^^^^^^^^^
  File "E:\pythonspace\skerp_project\production\finish\views.py", line 120, in finish_print
    return render(request, "production/finish/print_sheet.html", ctx)
           ^^^^^^^^^^^^^^^^^^^^^^^^^^^^^^^^^^^^^^^^^^^^^^^^^^^^^^^^^^
  File "E:\pythonspace\skerp_project\venv\Lib\site-packages\django\shortcuts.py", line 25, in render
    content = loader.render_to_string(template_name, context, request, using=using)
              ^^^^^^^^^^^^^^^^^^^^^^^^^^^^^^^^^^^^^^^^^^^^^^^^^^^^^^^^^^^^^^^^^^^^^
  File "E:\pythonspace\skerp_project\venv\Lib\site-packages\django\template\loader.py", line 62, in render_to_string
    return template.render(context, request)
           ^^^^^^^^^^^^^^^^^^^^^^^^^^^^^^^^^
  File "E:\pythonspace\skerp_project\venv\Lib\site-packages\django\template\backends\django.py", line 109, in render
    reraise(exc, self.backend)
  File "E:\pythonspace\skerp_project\venv\Lib\site-packages\django\template\backends\django.py", line 130, in reraise
    raise new from exc
django.template.exceptions.TemplateDoesNotExist: common/ci_logo.html
[2025-11-12 08:48:21]    INFO django.utils.autoreload - E:\pythonspace\skerp_project\skerp\settings.py changed, reloading.
[2025-11-12 08:48:21]    INFO django.utils.autoreload - Watching for file changes with StatReloader
[2025-11-12 08:48:39]    INFO django.utils.autoreload - E:\pythonspace\skerp_project\skerp\settings.py changed, reloading.
[2025-11-12 08:48:40]    INFO django.utils.autoreload - Watching for file changes with StatReloader
[2025-11-12 08:48:44]    INFO django.utils.autoreload - Watching for file changes with StatReloader
[2025-11-12 09:08:46]    INFO django.utils.autoreload - E:\pythonspace\skerp_project\production\exec\urls.py changed, reloading.
[2025-11-12 09:08:47]    INFO django.utils.autoreload - Watching for file changes with StatReloader
[2025-11-12 09:08:49]    INFO django.utils.autoreload - E:\pythonspace\skerp_project\production\exec\views.py changed, reloading.
[2025-11-12 09:08:50]    INFO django.utils.autoreload - Watching for file changes with StatReloader
[2025-11-12 09:08:54]    INFO django.utils.autoreload - E:\pythonspace\skerp_project\production\exec\views.py changed, reloading.
[2025-11-12 09:08:55]    INFO django.utils.autoreload - Watching for file changes with StatReloader
[2025-11-12 09:08:57]    INFO django.utils.autoreload - E:\pythonspace\skerp_project\production\finish\urls.py changed, reloading.
[2025-11-12 09:08:58]    INFO django.utils.autoreload - Watching for file changes with StatReloader
[2025-11-12 09:09:01]    INFO django.utils.autoreload - E:\pythonspace\skerp_project\production\finish\views.py changed, reloading.
[2025-11-12 09:09:01]    INFO django.utils.autoreload - Watching for file changes with StatReloader
[2025-11-12 09:09:04]    INFO django.utils.autoreload - E:\pythonspace\skerp_project\production\orders\urls.py changed, reloading.
[2025-11-12 09:09:05]    INFO django.utils.autoreload - Watching for file changes with StatReloader
[2025-11-12 09:09:07]    INFO django.utils.autoreload - E:\pythonspace\skerp_project\production\orders\urls.py changed, reloading.
[2025-11-12 09:09:08]    INFO django.utils.autoreload - Watching for file changes with StatReloader
[2025-11-12 09:09:16]    INFO django.utils.autoreload - E:\pythonspace\skerp_project\production\orders\views.py changed, reloading.
[2025-11-12 09:09:17]    INFO django.utils.autoreload - Watching for file changes with StatReloader
[2025-11-12 11:32:40]    INFO django.utils.autoreload - E:\pythonspace\skerp_project\chemical\models.py changed, reloading.
[2025-11-12 11:32:40]    INFO django.utils.autoreload - Watching for file changes with StatReloader
[2025-11-12 11:43:39]    INFO django.utils.autoreload - E:\pythonspace\skerp_project\chemical\forms.py changed, reloading.
[2025-11-12 11:43:39]    INFO django.utils.autoreload - Watching for file changes with StatReloader
[2025-11-12 11:48:40]    INFO django.utils.autoreload - E:\pythonspace\skerp_project\chemical\views.py changed, reloading.
[2025-11-12 11:48:41]    INFO django.utils.autoreload - Watching for file changes with StatReloader
[2025-11-12 11:49:10]    INFO django.utils.autoreload - E:\pythonspace\skerp_project\chemical\views.py changed, reloading.
[2025-11-12 11:49:11]    INFO django.utils.autoreload - Watching for file changes with StatReloader
[2025-11-12 11:49:24]    INFO django.utils.autoreload - E:\pythonspace\skerp_project\chemical\views.py changed, reloading.
[2025-11-12 11:49:25]    INFO django.utils.autoreload - Watching for file changes with StatReloader
[2025-11-12 11:53:32]    INFO django.utils.autoreload - E:\pythonspace\skerp_project\chemical\urls.py changed, reloading.
[2025-11-12 11:53:33]    INFO django.utils.autoreload - Watching for file changes with StatReloader
[2025-11-12 11:56:36] WARNING django.request - Not Found: /.well-known/appspecific/com.chrome.devtools.json
[2025-11-12 13:06:49]    INFO django.utils.autoreload - E:\pythonspace\skerp_project\chemical\views.py changed, reloading.
[2025-11-12 13:06:50]    INFO django.utils.autoreload - Watching for file changes with StatReloader
[2025-11-12 13:07:12]    INFO django.utils.autoreload - E:\pythonspace\skerp_project\chemical\views.py changed, reloading.
[2025-11-12 13:07:12]    INFO django.utils.autoreload - Watching for file changes with StatReloader
[2025-11-12 13:07:39]    INFO django.utils.autoreload - E:\pythonspace\skerp_project\chemical\views.py changed, reloading.
[2025-11-12 13:07:40]    INFO django.utils.autoreload - Watching for file changes with StatReloader
[2025-11-12 13:08:00]    INFO django.utils.autoreload - E:\pythonspace\skerp_project\chemical\views.py changed, reloading.
[2025-11-12 13:08:01]    INFO django.utils.autoreload - Watching for file changes with StatReloader
[2025-11-12 13:08:16]    INFO django.utils.autoreload - E:\pythonspace\skerp_project\chemical\urls.py changed, reloading.
[2025-11-12 13:08:17]    INFO django.utils.autoreload - Watching for file changes with StatReloader
[2025-11-12 13:23:36] WARNING django.request - Not Found: /.well-known/appspecific/com.chrome.devtools.json
[2025-11-12 13:25:21] WARNING django.request - Not Found: /.well-known/appspecific/com.chrome.devtools.json
[2025-11-12 13:25:56] WARNING django.request - Not Found: /.well-known/appspecific/com.chrome.devtools.json
[2025-11-12 13:25:57] WARNING django.request - Not Found: /.well-known/appspecific/com.chrome.devtools.json
[2025-11-12 13:34:34] WARNING django.request - Not Found: /.well-known/appspecific/com.chrome.devtools.json
[2025-11-12 13:35:49] WARNING django.request - Not Found: /.well-known/appspecific/com.chrome.devtools.json
[2025-11-12 13:36:37] WARNING django.request - Not Found: /.well-known/appspecific/com.chrome.devtools.json
[2025-11-12 13:37:26] WARNING django.request - Not Found: /.well-known/appspecific/com.chrome.devtools.json
[2025-11-12 13:39:14] WARNING django.request - Not Found: /.well-known/appspecific/com.chrome.devtools.json
[2025-11-12 14:01:33] WARNING django.request - Not Found: /favicon.ico
[2025-11-12 14:01:42] WARNING django.request - Not Found: /.well-known/security.txt
[2025-11-12 14:54:06] WARNING django.request - Not Found: /robots.txt
[2025-11-12 14:55:59] WARNING django.request - Not Found: /.well-known/appspecific/com.chrome.devtools.json
[2025-11-12 14:56:01] WARNING django.request - Not Found: /.well-known/appspecific/com.chrome.devtools.json
[2025-11-12 14:57:45] WARNING django.request - Not Found: /.well-known/appspecific/com.chrome.devtools.json
[2025-11-12 14:57:46] WARNING django.request - Not Found: /.well-known/appspecific/com.chrome.devtools.json
[2025-11-12 14:57:59] WARNING django.request - Not Found: /.well-known/appspecific/com.chrome.devtools.json
[2025-11-12 14:58:00] WARNING django.request - Not Found: /.well-known/appspecific/com.chrome.devtools.json
[2025-11-12 14:58:11] WARNING django.request - Not Found: /.well-known/appspecific/com.chrome.devtools.json
[2025-11-12 14:58:12] WARNING django.request - Not Found: /.well-known/appspecific/com.chrome.devtools.json
[2025-11-12 14:58:16] WARNING django.request - Not Found: /.well-known/appspecific/com.chrome.devtools.json
[2025-11-12 14:58:59] WARNING django.request - Not Found: /.well-known/appspecific/com.chrome.devtools.json
[2025-11-12 14:59:01] WARNING django.request - Not Found: /.well-known/appspecific/com.chrome.devtools.json
[2025-11-12 14:59:09] WARNING django.request - Not Found: /.well-known/appspecific/com.chrome.devtools.json
[2025-11-12 14:59:18] WARNING django.request - Not Found: /.well-known/appspecific/com.chrome.devtools.json
[2025-11-12 14:59:24] WARNING django.request - Not Found: /.well-known/appspecific/com.chrome.devtools.json
[2025-11-12 14:59:26] WARNING django.request - Not Found: /.well-known/appspecific/com.chrome.devtools.json
[2025-11-12 14:59:28] WARNING django.request - Not Found: /.well-known/appspecific/com.chrome.devtools.json
[2025-11-12 15:00:13] WARNING django.request - Not Found: /.well-known/appspecific/com.chrome.devtools.json
[2025-11-12 15:00:16] WARNING django.request - Not Found: /.well-known/appspecific/com.chrome.devtools.json
[2025-11-12 17:53:26] WARNING django.request - Not Found: /favicon.ico
[2025-11-12 18:17:00] WARNING django.request - Not Found: /login
