[2025-09-30 13:15:03]    INFO django.utils.autoreload - Watching for file changes with StatReloader
[2025-09-30 13:15:08] WARNING django.request - Not Found: /favicon.ico
[2025-09-30 13:15:19]   ERROR django.request - Internal Server Error: /purchase/injection/receipts/36/candidates/
Traceback (most recent call last):
  File "E:\pythonspace\skerp_project\venv\Lib\site-packages\django\core\handlers\exception.py", line 55, in inner
    response = get_response(request)
               ^^^^^^^^^^^^^^^^^^^^^
  File "E:\pythonspace\skerp_project\venv\Lib\site-packages\django\core\handlers\base.py", line 197, in _get_response
    response = wrapped_callback(request, *callback_args, **callback_kwargs)
               ^^^^^^^^^^^^^^^^^^^^^^^^^^^^^^^^^^^^^^^^^^^^^^^^^^^^^^^^^^^^
  File "E:\pythonspace\skerp_project\venv\Lib\site-packages\django\views\decorators\http.py", line 64, in inner
    return func(request, *args, **kwargs)
           ^^^^^^^^^^^^^^^^^^^^^^^^^^^^^^
  File "E:\pythonspace\skerp_project\purchase\views\injection.py", line 593, in receipt_candidates
    return render(
           ^^^^^^^
  File "E:\pythonspace\skerp_project\venv\Lib\site-packages\django\shortcuts.py", line 25, in render
    content = loader.render_to_string(template_name, context, request, using=using)
              ^^^^^^^^^^^^^^^^^^^^^^^^^^^^^^^^^^^^^^^^^^^^^^^^^^^^^^^^^^^^^^^^^^^^^
  File "E:\pythonspace\skerp_project\venv\Lib\site-packages\django\template\loader.py", line 61, in render_to_string
    template = get_template(template_name, using=using)
               ^^^^^^^^^^^^^^^^^^^^^^^^^^^^^^^^^^^^^^^^
  File "E:\pythonspace\skerp_project\venv\Lib\site-packages\django\template\loader.py", line 19, in get_template
    raise TemplateDoesNotExist(template_name, chain=chain)
django.template.exceptions.TemplateDoesNotExist: purchase/injection/receipts/candidates.html
[2025-09-30 14:08:24]    INFO django.utils.autoreload - E:\pythonspace\skerp_project\purchase\models.py changed, reloading.
[2025-09-30 14:08:24]    INFO django.utils.autoreload - Watching for file changes with StatReloader
[2025-09-30 14:08:39]    INFO django.utils.autoreload - E:\pythonspace\skerp_project\purchase\models.py changed, reloading.
[2025-09-30 14:08:40]    INFO django.utils.autoreload - Watching for file changes with StatReloader
[2025-09-30 14:11:51]    INFO django.utils.autoreload - E:\pythonspace\skerp_project\purchase\views\injection.py changed, reloading.
[2025-09-30 14:11:51]    INFO django.utils.autoreload - Watching for file changes with StatReloader
[2025-09-30 14:13:02]    INFO django.utils.autoreload - E:\pythonspace\skerp_project\purchase\views\injection.py changed, reloading.
[2025-09-30 14:13:02]    INFO django.utils.autoreload - Watching for file changes with StatReloader
[2025-09-30 14:13:23]   ERROR django.request - Internal Server Error: /purchase/injection/receipts/32/candidates/
Traceback (most recent call last):
  File "E:\pythonspace\skerp_project\venv\Lib\site-packages\django\core\handlers\exception.py", line 55, in inner
    response = get_response(request)
               ^^^^^^^^^^^^^^^^^^^^^
  File "E:\pythonspace\skerp_project\venv\Lib\site-packages\django\core\handlers\base.py", line 197, in _get_response
    response = wrapped_callback(request, *callback_args, **callback_kwargs)
               ^^^^^^^^^^^^^^^^^^^^^^^^^^^^^^^^^^^^^^^^^^^^^^^^^^^^^^^^^^^^
  File "E:\pythonspace\skerp_project\venv\Lib\site-packages\django\views\decorators\http.py", line 64, in inner
    return func(request, *args, **kwargs)
           ^^^^^^^^^^^^^^^^^^^^^^^^^^^^^^
  File "E:\pythonspace\skerp_project\purchase\views\injection.py", line 593, in receipt_candidates
    return render(
           ^^^^^^^
  File "E:\pythonspace\skerp_project\venv\Lib\site-packages\django\shortcuts.py", line 25, in render
    content = loader.render_to_string(template_name, context, request, using=using)
              ^^^^^^^^^^^^^^^^^^^^^^^^^^^^^^^^^^^^^^^^^^^^^^^^^^^^^^^^^^^^^^^^^^^^^
  File "E:\pythonspace\skerp_project\venv\Lib\site-packages\django\template\loader.py", line 61, in render_to_string
    template = get_template(template_name, using=using)
               ^^^^^^^^^^^^^^^^^^^^^^^^^^^^^^^^^^^^^^^^
  File "E:\pythonspace\skerp_project\venv\Lib\site-packages\django\template\loader.py", line 19, in get_template
    raise TemplateDoesNotExist(template_name, chain=chain)
django.template.exceptions.TemplateDoesNotExist: purchase/injection/receipts/candidates.html
[2025-09-30 14:15:47]   ERROR django.request - Internal Server Error: /purchase/injection/receipts/36/candidates/
Traceback (most recent call last):
  File "E:\pythonspace\skerp_project\venv\Lib\site-packages\django\core\handlers\exception.py", line 55, in inner
    response = get_response(request)
               ^^^^^^^^^^^^^^^^^^^^^
  File "E:\pythonspace\skerp_project\venv\Lib\site-packages\django\core\handlers\base.py", line 197, in _get_response
    response = wrapped_callback(request, *callback_args, **callback_kwargs)
               ^^^^^^^^^^^^^^^^^^^^^^^^^^^^^^^^^^^^^^^^^^^^^^^^^^^^^^^^^^^^
  File "E:\pythonspace\skerp_project\venv\Lib\site-packages\django\views\decorators\http.py", line 64, in inner
    return func(request, *args, **kwargs)
           ^^^^^^^^^^^^^^^^^^^^^^^^^^^^^^
  File "E:\pythonspace\skerp_project\purchase\views\injection.py", line 593, in receipt_candidates
    return render(
           ^^^^^^^
  File "E:\pythonspace\skerp_project\venv\Lib\site-packages\django\shortcuts.py", line 25, in render
    content = loader.render_to_string(template_name, context, request, using=using)
              ^^^^^^^^^^^^^^^^^^^^^^^^^^^^^^^^^^^^^^^^^^^^^^^^^^^^^^^^^^^^^^^^^^^^^
  File "E:\pythonspace\skerp_project\venv\Lib\site-packages\django\template\loader.py", line 61, in render_to_string
    template = get_template(template_name, using=using)
               ^^^^^^^^^^^^^^^^^^^^^^^^^^^^^^^^^^^^^^^^
  File "E:\pythonspace\skerp_project\venv\Lib\site-packages\django\template\loader.py", line 19, in get_template
    raise TemplateDoesNotExist(template_name, chain=chain)
django.template.exceptions.TemplateDoesNotExist: purchase/injection/receipts/candidates.html
[2025-09-30 14:20:52]   ERROR django.request - Internal Server Error: /purchase/injection/receipts/36/candidates/
Traceback (most recent call last):
  File "E:\pythonspace\skerp_project\venv\Lib\site-packages\django\template\base.py", line 891, in _resolve_lookup
    current = current[bit]
              ~~~~~~~^^^^^
  File "E:\pythonspace\skerp_project\venv\Lib\site-packages\django\template\context.py", line 88, in __getitem__
    raise KeyError(key)
KeyError: 'today_str'

During handling of the above exception, another exception occurred:

Traceback (most recent call last):
  File "E:\pythonspace\skerp_project\venv\Lib\site-packages\django\template\base.py", line 897, in _resolve_lookup
    if isinstance(current, BaseContext) and getattr(
                                            ^^^^^^^^
AttributeError: type object 'RequestContext' has no attribute 'today_str'

During handling of the above exception, another exception occurred:

Traceback (most recent call last):
  File "E:\pythonspace\skerp_project\venv\Lib\site-packages\django\template\base.py", line 907, in _resolve_lookup
    current = current[int(bit)]
                      ^^^^^^^^
ValueError: invalid literal for int() with base 10: 'today_str'

During handling of the above exception, another exception occurred:

Traceback (most recent call last):
  File "E:\pythonspace\skerp_project\venv\Lib\site-packages\django\core\handlers\exception.py", line 55, in inner
    response = get_response(request)
               ^^^^^^^^^^^^^^^^^^^^^
  File "E:\pythonspace\skerp_project\venv\Lib\site-packages\django\core\handlers\base.py", line 197, in _get_response
    response = wrapped_callback(request, *callback_args, **callback_kwargs)
               ^^^^^^^^^^^^^^^^^^^^^^^^^^^^^^^^^^^^^^^^^^^^^^^^^^^^^^^^^^^^
  File "E:\pythonspace\skerp_project\venv\Lib\site-packages\django\views\decorators\http.py", line 64, in inner
    return func(request, *args, **kwargs)
           ^^^^^^^^^^^^^^^^^^^^^^^^^^^^^^
  File "E:\pythonspace\skerp_project\purchase\views\injection.py", line 593, in receipt_candidates
    return render(
           ^^^^^^^
  File "E:\pythonspace\skerp_project\venv\Lib\site-packages\django\shortcuts.py", line 25, in render
    content = loader.render_to_string(template_name, context, request, using=using)
              ^^^^^^^^^^^^^^^^^^^^^^^^^^^^^^^^^^^^^^^^^^^^^^^^^^^^^^^^^^^^^^^^^^^^^
  File "E:\pythonspace\skerp_project\venv\Lib\site-packages\django\template\loader.py", line 62, in render_to_string
    return template.render(context, request)
           ^^^^^^^^^^^^^^^^^^^^^^^^^^^^^^^^^
  File "E:\pythonspace\skerp_project\venv\Lib\site-packages\django\template\backends\django.py", line 107, in render
    return self.template.render(context)
           ^^^^^^^^^^^^^^^^^^^^^^^^^^^^^
  File "E:\pythonspace\skerp_project\venv\Lib\site-packages\django\template\base.py", line 171, in render
    return self._render(context)
           ^^^^^^^^^^^^^^^^^^^^^
  File "E:\pythonspace\skerp_project\venv\Lib\site-packages\django\template\base.py", line 163, in _render
    return self.nodelist.render(context)
           ^^^^^^^^^^^^^^^^^^^^^^^^^^^^^
  File "E:\pythonspace\skerp_project\venv\Lib\site-packages\django\template\base.py", line 1016, in render
    return SafeString("".join([node.render_annotated(context) for node in self]))
                              ^^^^^^^^^^^^^^^^^^^^^^^^^^^^^^^^^^^^^^^^^^^^^^^^^
  File "E:\pythonspace\skerp_project\venv\Lib\site-packages\django\template\base.py", line 1016, in <listcomp>
    return SafeString("".join([node.render_annotated(context) for node in self]))
                               ^^^^^^^^^^^^^^^^^^^^^^^^^^^^^^
  File "E:\pythonspace\skerp_project\venv\Lib\site-packages\django\template\base.py", line 977, in render_annotated
    return self.render(context)
           ^^^^^^^^^^^^^^^^^^^^
  File "E:\pythonspace\skerp_project\venv\Lib\site-packages\django\template\loader_tags.py", line 159, in render
    return compiled_parent._render(context)
           ^^^^^^^^^^^^^^^^^^^^^^^^^^^^^^^^
  File "E:\pythonspace\skerp_project\venv\Lib\site-packages\django\template\base.py", line 163, in _render
    return self.nodelist.render(context)
           ^^^^^^^^^^^^^^^^^^^^^^^^^^^^^
  File "E:\pythonspace\skerp_project\venv\Lib\site-packages\django\template\base.py", line 1016, in render
    return SafeString("".join([node.render_annotated(context) for node in self]))
                              ^^^^^^^^^^^^^^^^^^^^^^^^^^^^^^^^^^^^^^^^^^^^^^^^^
  File "E:\pythonspace\skerp_project\venv\Lib\site-packages\django\template\base.py", line 1016, in <listcomp>
    return SafeString("".join([node.render_annotated(context) for node in self]))
                               ^^^^^^^^^^^^^^^^^^^^^^^^^^^^^^
  File "E:\pythonspace\skerp_project\venv\Lib\site-packages\django\template\base.py", line 977, in render_annotated
    return self.render(context)
           ^^^^^^^^^^^^^^^^^^^^
  File "E:\pythonspace\skerp_project\venv\Lib\site-packages\django\template\loader_tags.py", line 65, in render
    result = block.nodelist.render(context)
             ^^^^^^^^^^^^^^^^^^^^^^^^^^^^^^
  File "E:\pythonspace\skerp_project\venv\Lib\site-packages\django\template\base.py", line 1016, in render
    return SafeString("".join([node.render_annotated(context) for node in self]))
                              ^^^^^^^^^^^^^^^^^^^^^^^^^^^^^^^^^^^^^^^^^^^^^^^^^
  File "E:\pythonspace\skerp_project\venv\Lib\site-packages\django\template\base.py", line 1016, in <listcomp>
    return SafeString("".join([node.render_annotated(context) for node in self]))
                               ^^^^^^^^^^^^^^^^^^^^^^^^^^^^^^
  File "E:\pythonspace\skerp_project\venv\Lib\site-packages\django\template\base.py", line 977, in render_annotated
    return self.render(context)
           ^^^^^^^^^^^^^^^^^^^^
  File "E:\pythonspace\skerp_project\venv\Lib\site-packages\django\template\base.py", line 1075, in render
    output = self.filter_expression.resolve(context)
             ^^^^^^^^^^^^^^^^^^^^^^^^^^^^^^^^^^^^^^^
  File "E:\pythonspace\skerp_project\venv\Lib\site-packages\django\template\base.py", line 743, in resolve
    arg_vals.append(arg.resolve(context))
                    ^^^^^^^^^^^^^^^^^^^^
  File "E:\pythonspace\skerp_project\venv\Lib\site-packages\django\template\base.py", line 854, in resolve
    value = self._resolve_lookup(context)
            ^^^^^^^^^^^^^^^^^^^^^^^^^^^^^
  File "E:\pythonspace\skerp_project\venv\Lib\site-packages\django\template\base.py", line 914, in _resolve_lookup
    raise VariableDoesNotExist(
django.template.base.VariableDoesNotExist: Failed lookup for key [today_str] in [{'True': True, 'False': False, 'None': None}, {}, {}, {'order': <InjectionOrder: OR20250916-006>, 'ordered_qty': 300, 'shipped_qty': 300, 'remain_qty': 0, 'candidates': [], 'today': datetime.date(2025, 9, 30)}]
[2025-09-30 14:36:53]    INFO django.utils.autoreload - E:\pythonspace\skerp_project\purchase\views\injection.py changed, reloading.
[2025-09-30 14:36:54]    INFO django.utils.autoreload - Watching for file changes with StatReloader
[2025-09-30 14:36:59]   ERROR django.request - Internal Server Error: /purchase/injection/receipts/29/candidates/
Traceback (most recent call last):
  File "E:\pythonspace\skerp_project\venv\Lib\site-packages\django\core\handlers\exception.py", line 55, in inner
    response = get_response(request)
               ^^^^^^^^^^^^^^^^^^^^^
  File "E:\pythonspace\skerp_project\venv\Lib\site-packages\django\core\handlers\base.py", line 197, in _get_response
    response = wrapped_callback(request, *callback_args, **callback_kwargs)
               ^^^^^^^^^^^^^^^^^^^^^^^^^^^^^^^^^^^^^^^^^^^^^^^^^^^^^^^^^^^^
  File "E:\pythonspace\skerp_project\venv\Lib\site-packages\django\views\decorators\http.py", line 64, in inner
    return func(request, *args, **kwargs)
           ^^^^^^^^^^^^^^^^^^^^^^^^^^^^^^
  File "E:\pythonspace\skerp_project\purchase\views\injection.py", line 598, in receipt_candidates
    for ln in base_lines:
  File "E:\pythonspace\skerp_project\venv\Lib\site-packages\django\db\models\query.py", line 384, in __iter__
    self._fetch_all()
  File "E:\pythonspace\skerp_project\venv\Lib\site-packages\django\db\models\query.py", line 1935, in _fetch_all
    self._result_cache = list(self._iterable_class(self))
                         ^^^^^^^^^^^^^^^^^^^^^^^^^^^^^^^^
  File "E:\pythonspace\skerp_project\venv\Lib\site-packages\django\db\models\query.py", line 91, in __iter__
    results = compiler.execute_sql(
              ^^^^^^^^^^^^^^^^^^^^^
  File "E:\pythonspace\skerp_project\venv\Lib\site-packages\django\db\models\sql\compiler.py", line 1609, in execute_sql
    sql, params = self.as_sql()
                  ^^^^^^^^^^^^^
  File "E:\pythonspace\skerp_project\venv\Lib\site-packages\django\db\models\sql\compiler.py", line 765, in as_sql
    extra_select, order_by, group_by = self.pre_sql_setup(
                                       ^^^^^^^^^^^^^^^^^^^
  File "E:\pythonspace\skerp_project\venv\Lib\site-packages\django\db\models\sql\compiler.py", line 85, in pre_sql_setup
    self.setup_query(with_col_aliases=with_col_aliases)
  File "E:\pythonspace\skerp_project\venv\Lib\site-packages\django\db\models\sql\compiler.py", line 74, in setup_query
    self.select, self.klass_info, self.annotation_col_map = self.get_select(
                                                            ^^^^^^^^^^^^^^^^
  File "E:\pythonspace\skerp_project\venv\Lib\site-packages\django\db\models\sql\compiler.py", line 298, in get_select
    related_klass_infos = self.get_related_selections(select, select_mask)
                          ^^^^^^^^^^^^^^^^^^^^^^^^^^^^^^^^^^^^^^^^^^^^^^^^
  File "E:\pythonspace\skerp_project\venv\Lib\site-packages\django\db\models\sql\compiler.py", line 1264, in get_related_selections
    next_klass_infos = self.get_related_selections(
                       ^^^^^^^^^^^^^^^^^^^^^^^^^^^^
  File "E:\pythonspace\skerp_project\venv\Lib\site-packages\django\db\models\sql\compiler.py", line 1240, in get_related_selections
    if not select_related_descend(f, restricted, requested, select_mask):
           ^^^^^^^^^^^^^^^^^^^^^^^^^^^^^^^^^^^^^^^^^^^^^^^^^^^^^^^^^^^^^
  File "E:\pythonspace\skerp_project\venv\Lib\site-packages\django\db\models\query_utils.py", line 395, in select_related_descend
    raise FieldError(
django.core.exceptions.FieldError: Field PartnerShipmentGroup.order cannot be both deferred and traversed using select_related at the same time.
[2025-09-30 14:39:14]    INFO django.utils.autoreload - E:\pythonspace\skerp_project\purchase\views\injection.py changed, reloading.
[2025-09-30 14:39:14]    INFO django.utils.autoreload - Watching for file changes with StatReloader
[2025-09-30 14:39:36]    INFO django.utils.autoreload - E:\pythonspace\skerp_project\purchase\views\injection.py changed, reloading.
[2025-09-30 14:39:36]    INFO django.utils.autoreload - Watching for file changes with StatReloader
[2025-09-30 15:19:23] WARNING django.request - Not Found: /.well-known/appspecific/com.chrome.devtools.json
[2025-09-30 15:20:01] WARNING django.request - Not Found: /.well-known/appspecific/com.chrome.devtools.json
[2025-09-30 15:20:58] WARNING django.request - Not Found: /.well-known/appspecific/com.chrome.devtools.json
[2025-09-30 16:15:11] WARNING django.request - Not Found: /robots.txt
[2025-09-30 16:28:35]    INFO django.utils.autoreload - E:\pythonspace\skerp_project\partnerorder\views.py changed, reloading.
[2025-09-30 16:28:36]    INFO django.utils.autoreload - Watching for file changes with StatReloader
[2025-09-30 16:29:06]    INFO django.utils.autoreload - Watching for file changes with StatReloader
[2025-09-30 16:43:48]    INFO django.utils.autoreload - Watching for file changes with StatReloader
[2025-09-30 17:47:08]   DEBUG purchase.views.injection - [REQ] ctype=application/x-www-form-urlencoded len=141 body[:200]='csrfmiddlewaretoken=BUeNg07VnymsaW3yYmNu1iHuIxNizwiWhAjplZqdilYgxkfNYQNZSLHinWBa0gcD&order_id=38&receipt_date=2025-09-30&remark=&detail_ids=5'
[2025-09-30 17:47:08]    INFO purchase.views.injection - [INJ-RECEIPT-COMMIT] order=38 lot=IN2025093001 lines=1 qty=100 by=park.hj
[2025-09-30 17:47:34]   DEBUG purchase.views.injection - [REQ] ctype=application/x-www-form-urlencoded len=180 body[:200]='csrfmiddlewaretoken=MwNnfRNb4oLh58tPLU60lT458b8qqLYescSZkQ6tZbn5swF4Lo6vcm4TNAWiRvSV&order_id=38&receipt_date=2025-09-30&remark=&detail_ids=5&detail_ids=6&detail_ids=7&detail_ids=8'
[2025-09-30 17:47:34]    INFO purchase.views.injection - [INJ-RECEIPT-COMMIT] order=38 lot=IN2025093002 lines=1 qty=100 by=park.hj
[2025-09-30 17:48:03]   DEBUG purchase.views.injection - [REQ] ctype=application/x-www-form-urlencoded len=141 body[:200]='csrfmiddlewaretoken=fzPZtrM2VPv84KHUtxkGTKWRZu4Y9TELVfUByq5kQC7Wr8T9t1kbKdWFETSQADys&order_id=38&receipt_date=2025-09-30&remark=&detail_ids=7'
[2025-09-30 17:48:03]    INFO purchase.views.injection - [INJ-RECEIPT-COMMIT] order=38 lot=IN2025093003 lines=1 qty=100 by=park.hj
[2025-10-01 08:50:01]   DEBUG purchase.views.injection - [REQ] ctype=application/x-www-form-urlencoded len=142 body[:200]='csrfmiddlewaretoken=U8LKAK851MY6dSgewNcTHjOuhHAHTQlDAOQmFJrnWzAUAgstwhcoyMOiW6ozkAfk&order_id=39&receipt_date=2025-10-01&remark=&detail_ids=11'
[2025-10-01 08:50:02]    INFO purchase.views.injection - [INJ-RECEIPT-COMMIT] order=39 lot=IN2025100101 lines=1 qty=150 by=park.hj
[2025-10-02 07:24:03] WARNING django.request - Not Found: /favicon.ico
[2025-10-02 07:24:11] WARNING django.request - Not Found: /favicon.ico
[2025-10-02 07:24:12] WARNING django.request - Not Found: /security.txt
[2025-10-02 08:34:52] WARNING django.request - Not Found: /favicon.ico
[2025-10-02 08:34:58] WARNING django.request - Not Found: /favicon.ico
[2025-10-02 08:34:59] WARNING django.request - Not Found: /sitemap.xml
[2025-10-02 09:50:37]    INFO django.utils.autoreload - E:\pythonspace\skerp_project\purchase\urls.py changed, reloading.
